vk.com = vk.com = 89dbc4df-b544-4e3e-8fcb-c9f2e1cd240b
vk.com = vk.me/ = 89dbc4df-b544-4e3e-8fcb-c9f2e1cd240b
vk.com = static.vk.com/restore = 89dbc4df-b544-4e3e-8fcb-c9f2e1cd240b
vk.com = vk.com/join = 89dbc4df-b544-4e3e-8fcb-c9f2e1cd240b
vk.com = vk.com/login = 89dbc4df-b544-4e3e-8fcb-c9f2e1cd240b
vk.com = vk.com/settings = 89dbc4df-b544-4e3e-8fcb-c9f2e1cd240b
vk.com = vk.com/settings = 89dbc4df-b544-4e3e-8fcb-c9f2e1cd240b
vk.com = vk.com/settings = 89dbc4df-b544-4e3e-8fcb-c9f2e1cd240b
vk.com = vk.com/fv = 89dbc4df-b544-4e3e-8fcb-c9f2e1cd240b
vk.com/fv = vk.com = 0998ce94-c2cd-4f65-a5de-1ad592e9e40a
vk.com/login = vk.com = 47fb4cd1-3007-4035-b4ca-d56d05526501
vk.com/login = vk.me/ = 47fb4cd1-3007-4035-b4ca-d56d05526501
vk.com/login = static.vk.com/restore = 47fb4cd1-3007-4035-b4ca-d56d05526501
vk.com/login = vk.com/join = 47fb4cd1-3007-4035-b4ca-d56d05526501
vk.com/login = vk.com/login = 47fb4cd1-3007-4035-b4ca-d56d05526501
vk.com/login = vk.com/settings = 47fb4cd1-3007-4035-b4ca-d56d05526501
vk.com/login = vk.com/settings = 47fb4cd1-3007-4035-b4ca-d56d05526501
vk.com/login = vk.com/settings = 47fb4cd1-3007-4035-b4ca-d56d05526501
vk.com/login = vk.com/fv = 47fb4cd1-3007-4035-b4ca-d56d05526501
vk.com/join = vk.com/login = c4086c6b-f8a2-412d-bf6e-651e1ab18429
vk.com/join = connect.vk.com/promo = c4086c6b-f8a2-412d-bf6e-651e1ab18429
vk.com/join = vk.com/login = c4086c6b-f8a2-412d-bf6e-651e1ab18429
vk.com/join = vk.com/settings = c4086c6b-f8a2-412d-bf6e-651e1ab18429
vk.com/join = vk.com/settings = c4086c6b-f8a2-412d-bf6e-651e1ab18429
vk.com/join = vk.com/settings = c4086c6b-f8a2-412d-bf6e-651e1ab18429
vk.com = vk.com = dd98c9ac-ae87-4a37-a986-0a5571f6fbae
vk.com = vk.me/ = dd98c9ac-ae87-4a37-a986-0a5571f6fbae
vk.com = static.vk.com/restore = dd98c9ac-ae87-4a37-a986-0a5571f6fbae
vk.com = vk.com/join = dd98c9ac-ae87-4a37-a986-0a5571f6fbae
vk.com = vk.com/login = dd98c9ac-ae87-4a37-a986-0a5571f6fbae
vk.com = vk.com/settings = dd98c9ac-ae87-4a37-a986-0a5571f6fbae
vk.com = vk.com/settings = dd98c9ac-ae87-4a37-a986-0a5571f6fbae
vk.com = vk.com/settings = dd98c9ac-ae87-4a37-a986-0a5571f6fbae
vk.com = vk.com/fv = dd98c9ac-ae87-4a37-a986-0a5571f6fbae
connect.vk.com/promo = vk.com/team = 04105f66-8c2b-444f-ac11-4c41871935d8
connect.vk.com/promo = vk.com/terms = 04105f66-8c2b-444f-ac11-4c41871935d8
connect.vk.com/promo = vk.com/privacy = 04105f66-8c2b-444f-ac11-4c41871935d8
connect.vk.com/promo = vk.com/support = 04105f66-8c2b-444f-ac11-4c41871935d8
vk.com/settings = vk.com = 37c12eb6-cdcc-439e-aca9-99854634905a
vk.com/settings = vk.me/ = 37c12eb6-cdcc-439e-aca9-99854634905a
vk.com/settings = static.vk.com/restore = 37c12eb6-cdcc-439e-aca9-99854634905a
vk.com/settings = vk.com/join = 37c12eb6-cdcc-439e-aca9-99854634905a
vk.com/settings = vk.com/login = 37c12eb6-cdcc-439e-aca9-99854634905a
vk.com/settings = vk.com/settings = 37c12eb6-cdcc-439e-aca9-99854634905a
vk.com/settings = vk.com/settings = 37c12eb6-cdcc-439e-aca9-99854634905a
vk.com/settings = vk.com/settings = 37c12eb6-cdcc-439e-aca9-99854634905a
vk.com/settings = vk.com/fv = 37c12eb6-cdcc-439e-aca9-99854634905a
vk.com/settings = vk.com = 0b5ad242-9689-4d23-8886-d22def323378
vk.com/settings = vk.me/ = 0b5ad242-9689-4d23-8886-d22def323378
vk.com/settings = static.vk.com/restore = 0b5ad242-9689-4d23-8886-d22def323378
vk.com/settings = vk.com/join = 0b5ad242-9689-4d23-8886-d22def323378
vk.com/settings = vk.com/login = 0b5ad242-9689-4d23-8886-d22def323378
vk.com/settings = vk.com/settings = 0b5ad242-9689-4d23-8886-d22def323378
vk.com/settings = vk.com/settings = 0b5ad242-9689-4d23-8886-d22def323378
vk.com/settings = vk.com/settings = 0b5ad242-9689-4d23-8886-d22def323378
vk.com/settings = vk.com/fv = 0b5ad242-9689-4d23-8886-d22def323378
vk.com/support = vk.com/badbrowser.php = 30596738-a3c8-4633-b359-cb23c366fe26
vk.com/support = vk.com = 30596738-a3c8-4633-b359-cb23c366fe26
vk.com/support = vk.com = 30596738-a3c8-4633-b359-cb23c366fe26
vk.com/support = vk.com = 30596738-a3c8-4633-b359-cb23c366fe26
vk.com/support = vk.com/join = 30596738-a3c8-4633-b359-cb23c366fe26
vk.com/support = vk.com/restore = 30596738-a3c8-4633-b359-cb23c366fe26
vk.com/join = vk.com/login = c5c79c6c-f032-478a-a5b6-7cab48d218bb
vk.com/support = vk.com/support = 30596738-a3c8-4633-b359-cb23c366fe26
vk.com/join = connect.vk.com/promo = c5c79c6c-f032-478a-a5b6-7cab48d218bb
vk.com/support = vk.com/support = 30596738-a3c8-4633-b359-cb23c366fe26
vk.com/join = vk.com/login = c5c79c6c-f032-478a-a5b6-7cab48d218bb
vk.com/support = m.vk.com/support = 30596738-a3c8-4633-b359-cb23c366fe26
vk.com/join = vk.com/settings = c5c79c6c-f032-478a-a5b6-7cab48d218bb
vk.com/support = vk.com/faq18016 = 30596738-a3c8-4633-b359-cb23c366fe26
vk.com/join = vk.com/settings = c5c79c6c-f032-478a-a5b6-7cab48d218bb
vk.com/join = vk.com/settings = c5c79c6c-f032-478a-a5b6-7cab48d218bb
vk.com/support = vk.com/faq18007 = 30596738-a3c8-4633-b359-cb23c366fe26
vk.com/support = vk.com/faq18017 = 30596738-a3c8-4633-b359-cb23c366fe26
vk.com/support = vk.com/faq18014 = 30596738-a3c8-4633-b359-cb23c366fe26
vk.com/support = vk.com/faq18006 = 30596738-a3c8-4633-b359-cb23c366fe26
vk.com/support = vk.com/faq18022 = 30596738-a3c8-4633-b359-cb23c366fe26
vk.com/support = vk.com/faq18003 = 30596738-a3c8-4633-b359-cb23c366fe26
vk.com/support = vk.com/faq18012 = 30596738-a3c8-4633-b359-cb23c366fe26
vk.com/support = vk.com/faq18008 = 30596738-a3c8-4633-b359-cb23c366fe26
vk.com/support = vk.com/faq18018 = 30596738-a3c8-4633-b359-cb23c366fe26
vk.com/support = vk.com/faq18013 = 30596738-a3c8-4633-b359-cb23c366fe26
vk.com/support = vk.com/faq18005 = 30596738-a3c8-4633-b359-cb23c366fe26
vk.com/support = vk.com/faq18009 = 30596738-a3c8-4633-b359-cb23c366fe26
vk.com/support = vk.com/faq18015 = 30596738-a3c8-4633-b359-cb23c366fe26
vk.com/support = vk.com/faq18010 = 30596738-a3c8-4633-b359-cb23c366fe26
vk.com/support = vk.com/faq18019 = 30596738-a3c8-4633-b359-cb23c366fe26
vk.com/support = vk.com/faq18011 = 30596738-a3c8-4633-b359-cb23c366fe26
vk.com/support = vk.com/faq18004 = 30596738-a3c8-4633-b359-cb23c366fe26
vk.com/support = vk.com/faq18021 = 30596738-a3c8-4633-b359-cb23c366fe26
vk.com/support = vk.com/faq18002 = 30596738-a3c8-4633-b359-cb23c366fe26
vk.com/support = vk.com/faq18020 = 30596738-a3c8-4633-b359-cb23c366fe26
vk.com/support = vk.com/faq18575 = 30596738-a3c8-4633-b359-cb23c366fe26
vk.com/support = vk.com/faq19505 = 30596738-a3c8-4633-b359-cb23c366fe26
vk.com/support = vk.com/faq18469 = 30596738-a3c8-4633-b359-cb23c366fe26
vk.com/support = vk.com/faq18947 = 30596738-a3c8-4633-b359-cb23c366fe26
vk.com/support = vk.com/faq18885 = 30596738-a3c8-4633-b359-cb23c366fe26
vk.com/support = vk.com/faq18797 = 30596738-a3c8-4633-b359-cb23c366fe26
vk.com/support = vk.com/faq18731 = 30596738-a3c8-4633-b359-cb23c366fe26
vk.com/support = vk.com/faq18560 = 30596738-a3c8-4633-b359-cb23c366fe26
vk.com/support = vk.com/faq18533 = 30596738-a3c8-4633-b359-cb23c366fe26
vk.com/support = vk.com/faq18515 = 30596738-a3c8-4633-b359-cb23c366fe26
vk.com/support = vk.com/faq17959 = 30596738-a3c8-4633-b359-cb23c366fe26
vk.com/support = vk.com/faq18441 = 30596738-a3c8-4633-b359-cb23c366fe26
vk.com/support = vk.com/faq18419 = 30596738-a3c8-4633-b359-cb23c366fe26
vk.com/support = vk.com/faq18342 = 30596738-a3c8-4633-b359-cb23c366fe26
vk.com/support = vk.com/faq18323 = 30596738-a3c8-4633-b359-cb23c366fe26
vk.com/support = vk.com/faq18318 = 30596738-a3c8-4633-b359-cb23c366fe26
vk.com/support = vk.com/faq18272 = 30596738-a3c8-4633-b359-cb23c366fe26
vk.com/support = vk.com/faq18216 = 30596738-a3c8-4633-b359-cb23c366fe26
vk.com/support = vk.com/faq18145 = 30596738-a3c8-4633-b359-cb23c366fe26
vk.com/support = vk.com/faq18142 = 30596738-a3c8-4633-b359-cb23c366fe26
vk.com/support = vk.com/faq18065 = 30596738-a3c8-4633-b359-cb23c366fe26
vk.com/support = vk.com/faq18041 = 30596738-a3c8-4633-b359-cb23c366fe26
vk.com/support = vk.com/support = 30596738-a3c8-4633-b359-cb23c366fe26
vk.com/support = vk.com/support = 30596738-a3c8-4633-b359-cb23c366fe26
vk.com/support = vk.com/support = 30596738-a3c8-4633-b359-cb23c366fe26
vk.com/support = vk.com/support = 30596738-a3c8-4633-b359-cb23c366fe26
vk.com/support = vk.com/support = 30596738-a3c8-4633-b359-cb23c366fe26
vk.com/support = vk.com/support = 30596738-a3c8-4633-b359-cb23c366fe26
vk.com/support = vk.com/support = 30596738-a3c8-4633-b359-cb23c366fe26
vk.com/support = vk.com/support = 30596738-a3c8-4633-b359-cb23c366fe26
vk.com/support = vk.com/support = 30596738-a3c8-4633-b359-cb23c366fe26
vk.com/support = vk.com/support = 30596738-a3c8-4633-b359-cb23c366fe26
vk.com/support = vk.com/support = 30596738-a3c8-4633-b359-cb23c366fe26
vk.com/support = vk.com/support = 30596738-a3c8-4633-b359-cb23c366fe26
vk.com/support = vk.com/support = 30596738-a3c8-4633-b359-cb23c366fe26
vk.com/support = vk.com/support = 30596738-a3c8-4633-b359-cb23c366fe26
vk.com/support = vk.com/support = 30596738-a3c8-4633-b359-cb23c366fe26
vk.com/support = vk.com/support = 30596738-a3c8-4633-b359-cb23c366fe26
vk.com/support = vk.com/support = 30596738-a3c8-4633-b359-cb23c366fe26
vk.com/support = vk.com/support = 30596738-a3c8-4633-b359-cb23c366fe26
vk.com/support = vk.com/support = 30596738-a3c8-4633-b359-cb23c366fe26
vk.com/support = vk.com/about = 30596738-a3c8-4633-b359-cb23c366fe26
vk.com/support = vk.com/about = 30596738-a3c8-4633-b359-cb23c366fe26
vk.com/support = vk.com/support = 30596738-a3c8-4633-b359-cb23c366fe26
vk.com/support = vk.com/terms = 30596738-a3c8-4633-b359-cb23c366fe26
vk.com/support = vk.com/biz = 30596738-a3c8-4633-b359-cb23c366fe26
vk.com/support = vk.com/dev = 30596738-a3c8-4633-b359-cb23c366fe26
vk.com/support = vk.com/jobs = 30596738-a3c8-4633-b359-cb23c366fe26
vk.com/login = vk.com = a9f8300e-fed7-44dd-b827-86ac165bcb26
vk.com/login = vk.me/ = a9f8300e-fed7-44dd-b827-86ac165bcb26
vk.com/login = static.vk.com/restore = a9f8300e-fed7-44dd-b827-86ac165bcb26
vk.com/login = vk.com/join = a9f8300e-fed7-44dd-b827-86ac165bcb26
vk.com/login = vk.com/login = a9f8300e-fed7-44dd-b827-86ac165bcb26
vk.com/login = vk.com/settings = a9f8300e-fed7-44dd-b827-86ac165bcb26
vk.com/login = vk.com/settings = a9f8300e-fed7-44dd-b827-86ac165bcb26
vk.com/login = vk.com/settings = a9f8300e-fed7-44dd-b827-86ac165bcb26
vk.com/login = vk.com/fv = a9f8300e-fed7-44dd-b827-86ac165bcb26
vk.com/login = vk.com = cc3148a3-48e9-42ca-9e84-d4d304e8a64d
vk.com/login = vk.me/ = cc3148a3-48e9-42ca-9e84-d4d304e8a64d
vk.com/login = static.vk.com/restore = cc3148a3-48e9-42ca-9e84-d4d304e8a64d
vk.com/login = vk.com/join = cc3148a3-48e9-42ca-9e84-d4d304e8a64d
vk.com/login = vk.com/login = cc3148a3-48e9-42ca-9e84-d4d304e8a64d
vk.com/login = vk.com/settings = cc3148a3-48e9-42ca-9e84-d4d304e8a64d
vk.com/login = vk.com/settings = cc3148a3-48e9-42ca-9e84-d4d304e8a64d
vk.com/login = vk.com/settings = cc3148a3-48e9-42ca-9e84-d4d304e8a64d
vk.com/login = vk.com/fv = cc3148a3-48e9-42ca-9e84-d4d304e8a64d
vk.com/team = vk.com/photo-22822305_457320270 = d1cff3c6-8dec-4a6d-b008-95e1216ea095
vk.com/team = vk.com/login = d1cff3c6-8dec-4a6d-b008-95e1216ea095
vk.com/team = vk.com/about = d1cff3c6-8dec-4a6d-b008-95e1216ea095
vk.com/team = m.vk.com/superapp = d1cff3c6-8dec-4a6d-b008-95e1216ea095
vk.com/team = m.vk.com/vkclips = d1cff3c6-8dec-4a6d-b008-95e1216ea095
vk.com/team = m.vk.com/vkmusic = d1cff3c6-8dec-4a6d-b008-95e1216ea095
vk.com/team = m.vk.com/adminsclub = d1cff3c6-8dec-4a6d-b008-95e1216ea095
vk.com/team = m.vk.com/authors = d1cff3c6-8dec-4a6d-b008-95e1216ea095
vk.com/team = m.vk.com/business = d1cff3c6-8dec-4a6d-b008-95e1216ea095
vk.com/team = m.vk.com/vkteam = d1cff3c6-8dec-4a6d-b008-95e1216ea095
vk.com/team = vk.com/attachments = d1cff3c6-8dec-4a6d-b008-95e1216ea095
vk.com/team = vk.com/@vk = d1cff3c6-8dec-4a6d-b008-95e1216ea095
vk.com/team = vk.com/vk = d1cff3c6-8dec-4a6d-b008-95e1216ea095
vk.com/team = vk.com/vk = d1cff3c6-8dec-4a6d-b008-95e1216ea095
vk.com/team = vk.com/albums-22822305 = d1cff3c6-8dec-4a6d-b008-95e1216ea095
vk.com/team = vk.com/videos-22822305 = d1cff3c6-8dec-4a6d-b008-95e1216ea095
vk.com/team = vk.com/vk = d1cff3c6-8dec-4a6d-b008-95e1216ea095
vk.com/team = vk.com/vk = d1cff3c6-8dec-4a6d-b008-95e1216ea095
vk.com/team = vk.com/vk = d1cff3c6-8dec-4a6d-b008-95e1216ea095
vk.com/team = vk.com/wall = d1cff3c6-8dec-4a6d-b008-95e1216ea095
vk.com/team = vk.com/fave = d1cff3c6-8dec-4a6d-b008-95e1216ea095
vk.com/team = vk.com/vk = d1cff3c6-8dec-4a6d-b008-95e1216ea095
vk.com/team = vk.com/reports = d1cff3c6-8dec-4a6d-b008-95e1216ea095
vk.com/team = vk.com/vk = d1cff3c6-8dec-4a6d-b008-95e1216ea095
vk.com/team = vk.com/vk = d1cff3c6-8dec-4a6d-b008-95e1216ea095
vk.com/team = vk.com/vk = d1cff3c6-8dec-4a6d-b008-95e1216ea095
vk.com/team = vk.com/wall-22822305_1167538 = d1cff3c6-8dec-4a6d-b008-95e1216ea095
vk.com/team = vk.com/marinakrasnova = d1cff3c6-8dec-4a6d-b008-95e1216ea095
vk.com/team = vk.com/marinakrasnova = d1cff3c6-8dec-4a6d-b008-95e1216ea095
vk.com/team = vk.com/wall92933_362 = d1cff3c6-8dec-4a6d-b008-95e1216ea095
vk.com/team = vk.com/wall-22822305_1167538 = d1cff3c6-8dec-4a6d-b008-95e1216ea095
vk.com/team = vk.com/photo92933_457239972 = d1cff3c6-8dec-4a6d-b008-95e1216ea095
vk.com/team = vk.com/like = d1cff3c6-8dec-4a6d-b008-95e1216ea095
vk.com/team = vk.com/like = d1cff3c6-8dec-4a6d-b008-95e1216ea095
vk.com/team = vk.com/vk = d1cff3c6-8dec-4a6d-b008-95e1216ea095
vk.com/team = vk.com/vk = d1cff3c6-8dec-4a6d-b008-95e1216ea095
vk.com/team = vk.com/wall-22822305_1148348 = d1cff3c6-8dec-4a6d-b008-95e1216ea095
vk.com/team = vk.com/wall-22822305_1148348 = d1cff3c6-8dec-4a6d-b008-95e1216ea095
vk.com/team = vk.com/blog/2020 = d1cff3c6-8dec-4a6d-b008-95e1216ea095
vk.com/team = m.vk.com/blog/2020 = d1cff3c6-8dec-4a6d-b008-95e1216ea095
vk.com/team = m.vk.com/blog/2020 = d1cff3c6-8dec-4a6d-b008-95e1216ea095
vk.com/team = vk.com/like = d1cff3c6-8dec-4a6d-b008-95e1216ea095
vk.com/team = vk.com/like = d1cff3c6-8dec-4a6d-b008-95e1216ea095
vk.com/team = vk.com/vk = d1cff3c6-8dec-4a6d-b008-95e1216ea095
vk.com/team = vk.com/vk = d1cff3c6-8dec-4a6d-b008-95e1216ea095
vk.com/team = vk.com/wall-22822305_1148195 = d1cff3c6-8dec-4a6d-b008-95e1216ea095
vk.com/team = vk.com/wall-22822305_1148195 = d1cff3c6-8dec-4a6d-b008-95e1216ea095
vk.com/team = vk.com/svetdeti = d1cff3c6-8dec-4a6d-b008-95e1216ea095
vk.com/team = vk.com/antontutryadom = d1cff3c6-8dec-4a6d-b008-95e1216ea095
vk.com/team = vk.com/mintcharity = d1cff3c6-8dec-4a6d-b008-95e1216ea095
vk.com/team = vk.com/photo-22822305_457315551 = d1cff3c6-8dec-4a6d-b008-95e1216ea095
vk.com/team = vk.com/like = d1cff3c6-8dec-4a6d-b008-95e1216ea095
vk.com/team = vk.com/like = d1cff3c6-8dec-4a6d-b008-95e1216ea095
vk.com/team = vk.com/vk = d1cff3c6-8dec-4a6d-b008-95e1216ea095
vk.com/team = vk.com/vk = d1cff3c6-8dec-4a6d-b008-95e1216ea095
vk.com/team = vk.com/wall-22822305_1148026 = d1cff3c6-8dec-4a6d-b008-95e1216ea095
vk.com/team = vk.com/andrew = d1cff3c6-8dec-4a6d-b008-95e1216ea095
vk.com/team = vk.com/andrew = d1cff3c6-8dec-4a6d-b008-95e1216ea095
vk.com/team = vk.com/wall6492_18910 = d1cff3c6-8dec-4a6d-b008-95e1216ea095
vk.com/team = vk.com/vkteam = d1cff3c6-8dec-4a6d-b008-95e1216ea095
vk.com/team = vk.com/wall-22822305_1148026 = d1cff3c6-8dec-4a6d-b008-95e1216ea095
vk.com/team = vk.com/2020 = d1cff3c6-8dec-4a6d-b008-95e1216ea095
vk.com/team = vk.com/services = d1cff3c6-8dec-4a6d-b008-95e1216ea095
vk.com/team = vk.com/press/birthday-14-results = d1cff3c6-8dec-4a6d-b008-95e1216ea095
vk.com/team = vk.com/wall-19542789_119123 = d1cff3c6-8dec-4a6d-b008-95e1216ea095
vk.com/team = vk.com/photo6492_457256674 = d1cff3c6-8dec-4a6d-b008-95e1216ea095
vk.com/team = vk.com/like = d1cff3c6-8dec-4a6d-b008-95e1216ea095
vk.com/team = vk.com/like = d1cff3c6-8dec-4a6d-b008-95e1216ea095
vk.com/team = vk.com/vk = d1cff3c6-8dec-4a6d-b008-95e1216ea095
vk.com/team = vk.com/vk = d1cff3c6-8dec-4a6d-b008-95e1216ea095
vk.com/team = vk.com/wall-22822305_1146176 = d1cff3c6-8dec-4a6d-b008-95e1216ea095
vk.com/team = vk.com/wall-22822305_1146176 = d1cff3c6-8dec-4a6d-b008-95e1216ea095
vk.com/team = vk.com/photo-22822305_457315000 = d1cff3c6-8dec-4a6d-b008-95e1216ea095
vk.com/team = vk.com/like = d1cff3c6-8dec-4a6d-b008-95e1216ea095
vk.com/team = vk.com/like = d1cff3c6-8dec-4a6d-b008-95e1216ea095
vk.com/team = vk.com/vk = d1cff3c6-8dec-4a6d-b008-95e1216ea095
vk.com/settings = vk.com = c5232c9e-eb9f-4437-8f60-a48c88cb3949
vk.com/settings = vk.me/ = c5232c9e-eb9f-4437-8f60-a48c88cb3949
vk.com/settings = static.vk.com/restore = c5232c9e-eb9f-4437-8f60-a48c88cb3949
vk.com/settings = vk.com/join = c5232c9e-eb9f-4437-8f60-a48c88cb3949
vk.com/settings = vk.com/login = c5232c9e-eb9f-4437-8f60-a48c88cb3949
vk.com/settings = vk.com/settings = c5232c9e-eb9f-4437-8f60-a48c88cb3949
vk.com/settings = vk.com/settings = c5232c9e-eb9f-4437-8f60-a48c88cb3949
vk.com/settings = vk.com/settings = c5232c9e-eb9f-4437-8f60-a48c88cb3949
vk.com/settings = vk.com/fv = c5232c9e-eb9f-4437-8f60-a48c88cb3949
vk.com/settings = vk.com = 7dbd0f15-ebf4-4523-bb13-0c0a1056fff2
vk.com/settings = vk.me/ = 7dbd0f15-ebf4-4523-bb13-0c0a1056fff2
vk.com/settings = static.vk.com/restore = 7dbd0f15-ebf4-4523-bb13-0c0a1056fff2
vk.com/settings = vk.com/join = 7dbd0f15-ebf4-4523-bb13-0c0a1056fff2
vk.com/settings = vk.com/login = 7dbd0f15-ebf4-4523-bb13-0c0a1056fff2
vk.com/settings = vk.com/settings = 7dbd0f15-ebf4-4523-bb13-0c0a1056fff2
vk.com/settings = vk.com/settings = 7dbd0f15-ebf4-4523-bb13-0c0a1056fff2
vk.com/settings = vk.com/settings = 7dbd0f15-ebf4-4523-bb13-0c0a1056fff2
vk.com/settings = vk.com/fv = 7dbd0f15-ebf4-4523-bb13-0c0a1056fff2
vk.com/settings = vk.com = 19e70e33-b716-49ec-a78e-5412c100e1c5
vk.com/settings = vk.me/ = 19e70e33-b716-49ec-a78e-5412c100e1c5
vk.com/settings = static.vk.com/restore = 19e70e33-b716-49ec-a78e-5412c100e1c5
vk.com/settings = vk.com/join = 19e70e33-b716-49ec-a78e-5412c100e1c5
vk.com/settings = vk.com/login = 19e70e33-b716-49ec-a78e-5412c100e1c5
vk.com/login = vk.com = 0be79b49-df8f-46df-aaed-a99fc8b4feab
vk.com/settings = vk.com/settings = 19e70e33-b716-49ec-a78e-5412c100e1c5
vk.com/login = vk.me/ = 0be79b49-df8f-46df-aaed-a99fc8b4feab
vk.com/settings = vk.com/settings = 19e70e33-b716-49ec-a78e-5412c100e1c5
vk.com/login = static.vk.com/restore = 0be79b49-df8f-46df-aaed-a99fc8b4feab
vk.com/settings = vk.com/settings = 19e70e33-b716-49ec-a78e-5412c100e1c5
vk.com/login = vk.com/join = 0be79b49-df8f-46df-aaed-a99fc8b4feab
vk.com/settings = vk.com/fv = 19e70e33-b716-49ec-a78e-5412c100e1c5
vk.com/login = vk.com/login = 0be79b49-df8f-46df-aaed-a99fc8b4feab
vk.com/login = vk.com/settings = 0be79b49-df8f-46df-aaed-a99fc8b4feab
vk.com/login = vk.com/settings = 0be79b49-df8f-46df-aaed-a99fc8b4feab
vk.com/login = vk.com/settings = 0be79b49-df8f-46df-aaed-a99fc8b4feab
vk.com/login = vk.com/fv = 0be79b49-df8f-46df-aaed-a99fc8b4feab
vk.com/join = vk.com/login = 88f527c1-3e01-42c0-9a12-1dd533a2aa52
vk.com/join = connect.vk.com/promo = 88f527c1-3e01-42c0-9a12-1dd533a2aa52
vk.com/join = vk.com/login = 88f527c1-3e01-42c0-9a12-1dd533a2aa52
vk.com/join = vk.com/settings = 88f527c1-3e01-42c0-9a12-1dd533a2aa52
vk.com/join = vk.com/settings = 88f527c1-3e01-42c0-9a12-1dd533a2aa52
vk.com/join = vk.com/settings = 88f527c1-3e01-42c0-9a12-1dd533a2aa52
vk.com/settings = vk.com = c3ac7c4f-0f75-433c-abff-bc4513f353c8
vk.com/settings = vk.me/ = c3ac7c4f-0f75-433c-abff-bc4513f353c8
vk.com/settings = static.vk.com/restore = c3ac7c4f-0f75-433c-abff-bc4513f353c8
vk.com/settings = vk.com/join = c3ac7c4f-0f75-433c-abff-bc4513f353c8
vk.com/settings = vk.com/login = c3ac7c4f-0f75-433c-abff-bc4513f353c8
vk.com/settings = vk.com/settings = c3ac7c4f-0f75-433c-abff-bc4513f353c8
vk.com/settings = vk.com/settings = c3ac7c4f-0f75-433c-abff-bc4513f353c8
vk.com/settings = vk.com/settings = c3ac7c4f-0f75-433c-abff-bc4513f353c8
vk.com/settings = vk.com/fv = c3ac7c4f-0f75-433c-abff-bc4513f353c8
vk.com/privacy = vk.com/login = c3b71b28-eef0-4052-abc0-d14e1b354155
vk.com/privacy = vk.com/join = c3b71b28-eef0-4052-abc0-d14e1b354155
vk.com/privacy = vk.com = c3b71b28-eef0-4052-abc0-d14e1b354155
vk.com/privacy = m.vk.com/privacy = c3b71b28-eef0-4052-abc0-d14e1b354155
vk.com/privacy = m.vk.com/privacy = c3b71b28-eef0-4052-abc0-d14e1b354155
vk.com/privacy = m.vk.com/terms = c3b71b28-eef0-4052-abc0-d14e1b354155
vk.com/privacy = vk.com/edit = c3b71b28-eef0-4052-abc0-d14e1b354155
vk.com/privacy = vk.com/edit = c3b71b28-eef0-4052-abc0-d14e1b354155
vk.com/privacy = m.vk.com/terms = c3b71b28-eef0-4052-abc0-d14e1b354155
vk.com/privacy = vk.com/vk_ecosystem_terms = c3b71b28-eef0-4052-abc0-d14e1b354155
vk.com/privacy = connect.vk.com/terms = c3b71b28-eef0-4052-abc0-d14e1b354155
vk.com/privacy = connect.vk.com/privacy = c3b71b28-eef0-4052-abc0-d14e1b354155
vk.com/privacy = m.vk.com/terms = c3b71b28-eef0-4052-abc0-d14e1b354155
vk.com/privacy = vk.com/settings = c3b71b28-eef0-4052-abc0-d14e1b354155
vk.com/terms = vk.com/login = 2784aae1-dfd8-43b1-a064-4f0988817069
vk.com/terms = vk.com/join = 2784aae1-dfd8-43b1-a064-4f0988817069
vk.com/terms = vk.com = 2784aae1-dfd8-43b1-a064-4f0988817069
vk.com/terms = m.vk.com/privacy = 2784aae1-dfd8-43b1-a064-4f0988817069
vk.com/terms = VK.com = 2784aae1-dfd8-43b1-a064-4f0988817069
vk.com/terms = m.vk.com/licence = 2784aae1-dfd8-43b1-a064-4f0988817069
vk.com/terms = m.vk.com/terms = 2784aae1-dfd8-43b1-a064-4f0988817069
vk.com/terms = vk.com = 2784aae1-dfd8-43b1-a064-4f0988817069
vk.com/terms = vk.com/vk_ecosystem_terms = 2784aae1-dfd8-43b1-a064-4f0988817069
vk.com/terms = connect.vk.com/terms = 2784aae1-dfd8-43b1-a064-4f0988817069
vk.com/settings = vk.com = f98db7e2-12af-4df8-892a-02ff6c46d8c2
vk.com/terms = connect.vk.com/privacy = 2784aae1-dfd8-43b1-a064-4f0988817069
vk.com/settings = vk.me/ = f98db7e2-12af-4df8-892a-02ff6c46d8c2
vk.com/terms = vk.com/id = 2784aae1-dfd8-43b1-a064-4f0988817069
vk.com/settings = static.vk.com/restore = f98db7e2-12af-4df8-892a-02ff6c46d8c2
vk.com/terms = vk.com/ads = 2784aae1-dfd8-43b1-a064-4f0988817069
vk.com/settings = vk.com/join = f98db7e2-12af-4df8-892a-02ff6c46d8c2
vk.com/terms = m.vk.com/licence = 2784aae1-dfd8-43b1-a064-4f0988817069
vk.com/settings = vk.com/login = f98db7e2-12af-4df8-892a-02ff6c46d8c2
vk.com/terms = vk.com/help = 2784aae1-dfd8-43b1-a064-4f0988817069
vk.com/settings = vk.com/settings = f98db7e2-12af-4df8-892a-02ff6c46d8c2
vk.com/settings = vk.com/settings = f98db7e2-12af-4df8-892a-02ff6c46d8c2
vk.com/settings = vk.com/settings = f98db7e2-12af-4df8-892a-02ff6c46d8c2
vk.com/settings = vk.com/fv = f98db7e2-12af-4df8-892a-02ff6c46d8c2
vk.com/join = vk.com/login = e013bea0-b078-4b6a-9f2c-f0e610137e49
vk.com/join = connect.vk.com/promo = e013bea0-b078-4b6a-9f2c-f0e610137e49
vk.com/join = vk.com/login = e013bea0-b078-4b6a-9f2c-f0e610137e49
vk.com/join = vk.com/settings = e013bea0-b078-4b6a-9f2c-f0e610137e49
vk.com/join = vk.com/settings = e013bea0-b078-4b6a-9f2c-f0e610137e49
vk.com/settings = vk.com = 2071099a-c951-4b79-aabb-13f0ea03c22c
vk.com/settings = vk.me/ = 2071099a-c951-4b79-aabb-13f0ea03c22c
vk.com/login = vk.com = d31b8a21-0768-4be4-8242-830befd8eaeb
vk.com/login = vk.me/ = d31b8a21-0768-4be4-8242-830befd8eaeb
vk.com/settings = static.vk.com/restore = 2071099a-c951-4b79-aabb-13f0ea03c22c
vk.com/login = static.vk.com/restore = d31b8a21-0768-4be4-8242-830befd8eaeb
vk.com/login = vk.com/join = d31b8a21-0768-4be4-8242-830befd8eaeb
vk.com/join = vk.com/settings = e013bea0-b078-4b6a-9f2c-f0e610137e49
vk.com/settings = vk.com/join = 2071099a-c951-4b79-aabb-13f0ea03c22c
vk.com/login = vk.com/login = d31b8a21-0768-4be4-8242-830befd8eaeb
vk.com/settings = vk.com/login = 2071099a-c951-4b79-aabb-13f0ea03c22c
vk.com/login = vk.com/settings = d31b8a21-0768-4be4-8242-830befd8eaeb
vk.com/settings = vk.com/settings = 2071099a-c951-4b79-aabb-13f0ea03c22c
vk.com/login = vk.com/settings = d31b8a21-0768-4be4-8242-830befd8eaeb
vk.com/settings = vk.com/settings = 2071099a-c951-4b79-aabb-13f0ea03c22c
vk.com/login = vk.com/settings = d31b8a21-0768-4be4-8242-830befd8eaeb
vk.com/settings = vk.com/settings = 2071099a-c951-4b79-aabb-13f0ea03c22c
vk.com/login = vk.com/fv = d31b8a21-0768-4be4-8242-830befd8eaeb
vk.com/settings = vk.com/fv = 2071099a-c951-4b79-aabb-13f0ea03c22c
vk.com/settings = vk.com = 27c4c92e-af9a-4582-85de-9e08b48bda50
vk.com/settings = vk.me/ = 27c4c92e-af9a-4582-85de-9e08b48bda50
vk.com/settings = static.vk.com/restore = 27c4c92e-af9a-4582-85de-9e08b48bda50
vk.com/settings = vk.com/join = 27c4c92e-af9a-4582-85de-9e08b48bda50
vk.com/settings = vk.com/login = 27c4c92e-af9a-4582-85de-9e08b48bda50
vk.com/settings = vk.com/settings = 27c4c92e-af9a-4582-85de-9e08b48bda50
vk.com/settings = vk.com/settings = 27c4c92e-af9a-4582-85de-9e08b48bda50
vk.com/settings = vk.com = 8a220548-d464-4c40-bb4e-275c5a23c2e6
vk.com/settings = vk.com = 6198e85b-f325-4237-8445-8a15a6d5b67a
vk.com/settings = vk.com = 7761014e-27c7-47ad-b32e-abc8a51d3cc6
vk.com/settings = vk.com/settings = 27c4c92e-af9a-4582-85de-9e08b48bda50
vk.com/settings = vk.me/ = 8a220548-d464-4c40-bb4e-275c5a23c2e6
vk.com/settings = vk.me/ = 6198e85b-f325-4237-8445-8a15a6d5b67a
vk.com/settings = vk.me/ = 7761014e-27c7-47ad-b32e-abc8a51d3cc6
vk.com/settings = vk.com/fv = 27c4c92e-af9a-4582-85de-9e08b48bda50
vk.com/settings = static.vk.com/restore = 8a220548-d464-4c40-bb4e-275c5a23c2e6
vk.com/settings = static.vk.com/restore = 6198e85b-f325-4237-8445-8a15a6d5b67a
vk.com/settings = static.vk.com/restore = 7761014e-27c7-47ad-b32e-abc8a51d3cc6
vk.com/settings = vk.com/join = 8a220548-d464-4c40-bb4e-275c5a23c2e6
vk.com/settings = vk.com/join = 6198e85b-f325-4237-8445-8a15a6d5b67a
vk.com/settings = vk.com/join = 7761014e-27c7-47ad-b32e-abc8a51d3cc6
vk.com/settings = vk.com/login = 8a220548-d464-4c40-bb4e-275c5a23c2e6
vk.com/settings = vk.com/login = 6198e85b-f325-4237-8445-8a15a6d5b67a
vk.com/settings = vk.com/login = 7761014e-27c7-47ad-b32e-abc8a51d3cc6
vk.com/settings = vk.com/settings = 8a220548-d464-4c40-bb4e-275c5a23c2e6
vk.com/settings = vk.com/settings = 6198e85b-f325-4237-8445-8a15a6d5b67a
vk.com/settings = vk.com/settings = 7761014e-27c7-47ad-b32e-abc8a51d3cc6
vk.com/settings = vk.com/settings = 8a220548-d464-4c40-bb4e-275c5a23c2e6
vk.com/settings = vk.com/settings = 6198e85b-f325-4237-8445-8a15a6d5b67a
vk.com/settings = vk.com/settings = 7761014e-27c7-47ad-b32e-abc8a51d3cc6
vk.com/settings = vk.com/settings = 8a220548-d464-4c40-bb4e-275c5a23c2e6
vk.com/settings = vk.com/settings = 6198e85b-f325-4237-8445-8a15a6d5b67a
vk.com/settings = vk.com/settings = 7761014e-27c7-47ad-b32e-abc8a51d3cc6
vk.com/settings = vk.com/fv = 8a220548-d464-4c40-bb4e-275c5a23c2e6
vk.com/settings = vk.com/fv = 6198e85b-f325-4237-8445-8a15a6d5b67a
vk.com/settings = vk.com/fv = 7761014e-27c7-47ad-b32e-abc8a51d3cc6
vk.com/login = vk.com = 4eb34f9b-556b-4882-81e6-55d19a14c21a
vk.com/login = vk.me/ = 4eb34f9b-556b-4882-81e6-55d19a14c21a
vk.com/login = static.vk.com/restore = 4eb34f9b-556b-4882-81e6-55d19a14c21a
vk.com/login = vk.com/join = 4eb34f9b-556b-4882-81e6-55d19a14c21a
vk.com/login = vk.com/login = 4eb34f9b-556b-4882-81e6-55d19a14c21a
vk.com/login = vk.com/settings = 4eb34f9b-556b-4882-81e6-55d19a14c21a
vk.com/login = vk.com/settings = 4eb34f9b-556b-4882-81e6-55d19a14c21a
vk.com/login = vk.com = 171db686-a619-48d0-ace5-6f4f6089650a
vk.com/login = vk.com/settings = 4eb34f9b-556b-4882-81e6-55d19a14c21a
vk.com/login = vk.me/ = 171db686-a619-48d0-ace5-6f4f6089650a
vk.com/settings = vk.com = 8b47842d-af2d-4d7d-a596-82092b48e2b8
vk.com/login = vk.com/fv = 4eb34f9b-556b-4882-81e6-55d19a14c21a
vk.com/login = static.vk.com/restore = 171db686-a619-48d0-ace5-6f4f6089650a
vk.com/login = vk.com/join = 171db686-a619-48d0-ace5-6f4f6089650a
vk.com/settings = vk.me/ = 8b47842d-af2d-4d7d-a596-82092b48e2b8
vk.com/login = vk.com/login = 171db686-a619-48d0-ace5-6f4f6089650a
vk.com/settings = static.vk.com/restore = 8b47842d-af2d-4d7d-a596-82092b48e2b8
vk.com/login = vk.com/settings = 171db686-a619-48d0-ace5-6f4f6089650a
vk.com/settings = vk.com/join = 8b47842d-af2d-4d7d-a596-82092b48e2b8
vk.com/login = vk.com/settings = 171db686-a619-48d0-ace5-6f4f6089650a
vk.com/settings = vk.com/login = 8b47842d-af2d-4d7d-a596-82092b48e2b8
vk.com/login = vk.com/settings = 171db686-a619-48d0-ace5-6f4f6089650a
vk.com/settings = vk.com/settings = 8b47842d-af2d-4d7d-a596-82092b48e2b8
vk.com/login = vk.com/fv = 171db686-a619-48d0-ace5-6f4f6089650a
vk.com/settings = vk.com/settings = 8b47842d-af2d-4d7d-a596-82092b48e2b8
vk.com/settings = vk.com/settings = 8b47842d-af2d-4d7d-a596-82092b48e2b8
vk.com/settings = vk.com/fv = 8b47842d-af2d-4d7d-a596-82092b48e2b8
vk.com/settings = vk.com = 69928b7a-aabf-4d39-84e8-fbcf7d2a0bfa
vk.com/settings = vk.me/ = 69928b7a-aabf-4d39-84e8-fbcf7d2a0bfa
vk.com/settings = static.vk.com/restore = 69928b7a-aabf-4d39-84e8-fbcf7d2a0bfa
vk.com/settings = vk.com/join = 69928b7a-aabf-4d39-84e8-fbcf7d2a0bfa
vk.com/settings = vk.com/login = 69928b7a-aabf-4d39-84e8-fbcf7d2a0bfa
vk.com/settings = vk.com/settings = 69928b7a-aabf-4d39-84e8-fbcf7d2a0bfa
vk.com/settings = vk.com/settings = 69928b7a-aabf-4d39-84e8-fbcf7d2a0bfa
vk.com/settings = vk.com/settings = 69928b7a-aabf-4d39-84e8-fbcf7d2a0bfa
vk.com/settings = vk.com/fv = 69928b7a-aabf-4d39-84e8-fbcf7d2a0bfa
vk.com/settings = vk.com = ed16ec97-550b-46fb-87e3-5db4e4ef5aaa
vk.com/settings = vk.me/ = ed16ec97-550b-46fb-87e3-5db4e4ef5aaa
vk.com/settings = static.vk.com/restore = ed16ec97-550b-46fb-87e3-5db4e4ef5aaa
vk.com/settings = vk.com/join = ed16ec97-550b-46fb-87e3-5db4e4ef5aaa
vk.com/settings = vk.com/login = ed16ec97-550b-46fb-87e3-5db4e4ef5aaa
vk.com/settings = vk.com/settings = ed16ec97-550b-46fb-87e3-5db4e4ef5aaa
vk.com/settings = vk.com/settings = ed16ec97-550b-46fb-87e3-5db4e4ef5aaa
vk.com/settings = vk.com/settings = ed16ec97-550b-46fb-87e3-5db4e4ef5aaa
vk.com/settings = vk.com/fv = ed16ec97-550b-46fb-87e3-5db4e4ef5aaa
vk.com/settings = vk.com = e9942f62-6b5c-4cd3-abd0-b2b77eca30ef
vk.com/settings = vk.me/ = e9942f62-6b5c-4cd3-abd0-b2b77eca30ef
vk.com/settings = static.vk.com/restore = e9942f62-6b5c-4cd3-abd0-b2b77eca30ef
vk.com/settings = vk.com/join = e9942f62-6b5c-4cd3-abd0-b2b77eca30ef
vk.com/settings = vk.com/login = e9942f62-6b5c-4cd3-abd0-b2b77eca30ef
vk.com/settings = vk.com/settings = e9942f62-6b5c-4cd3-abd0-b2b77eca30ef
vk.com/settings = vk.com/settings = e9942f62-6b5c-4cd3-abd0-b2b77eca30ef
vk.com/settings = vk.com/settings = e9942f62-6b5c-4cd3-abd0-b2b77eca30ef
vk.com/settings = vk.com/fv = e9942f62-6b5c-4cd3-abd0-b2b77eca30ef
vk.com/settings = vk.com = 14ec1b55-bc28-4251-9636-bcb7b7c16bc9
vk.com/settings = vk.me/ = 14ec1b55-bc28-4251-9636-bcb7b7c16bc9
vk.com/settings = static.vk.com/restore = 14ec1b55-bc28-4251-9636-bcb7b7c16bc9
vk.com/settings = vk.com/join = 14ec1b55-bc28-4251-9636-bcb7b7c16bc9
vk.com/settings = vk.com/login = 14ec1b55-bc28-4251-9636-bcb7b7c16bc9
vk.com/settings = vk.com/settings = 14ec1b55-bc28-4251-9636-bcb7b7c16bc9
vk.com/settings = vk.com/settings = 14ec1b55-bc28-4251-9636-bcb7b7c16bc9
vk.com/settings = vk.com/settings = 14ec1b55-bc28-4251-9636-bcb7b7c16bc9
vk.com/settings = vk.com/fv = 14ec1b55-bc28-4251-9636-bcb7b7c16bc9
vk.com/login = vk.com = ab3e79ba-6abc-44f8-8493-343f83b845d7
vk.com/login = vk.me/ = ab3e79ba-6abc-44f8-8493-343f83b845d7
vk.com/login = static.vk.com/restore = ab3e79ba-6abc-44f8-8493-343f83b845d7
vk.com/login = vk.com/join = ab3e79ba-6abc-44f8-8493-343f83b845d7
vk.com/login = vk.com/login = ab3e79ba-6abc-44f8-8493-343f83b845d7
vk.com/login = vk.com/settings = ab3e79ba-6abc-44f8-8493-343f83b845d7
vk.com/login = vk.com/settings = ab3e79ba-6abc-44f8-8493-343f83b845d7
vk.com/login = vk.com/settings = ab3e79ba-6abc-44f8-8493-343f83b845d7
vk.com/login = vk.com/fv = ab3e79ba-6abc-44f8-8493-343f83b845d7
vk.com/join = vk.com/login = 13ed04ad-24f8-4ce2-a545-2f9f5bb4210e
vk.com/join = connect.vk.com/promo = 13ed04ad-24f8-4ce2-a545-2f9f5bb4210e
vk.com/join = vk.com/login = 13ed04ad-24f8-4ce2-a545-2f9f5bb4210e
vk.com/join = vk.com/settings = 13ed04ad-24f8-4ce2-a545-2f9f5bb4210e
vk.com/join = vk.com/settings = 13ed04ad-24f8-4ce2-a545-2f9f5bb4210e
vk.com/join = vk.com/settings = 13ed04ad-24f8-4ce2-a545-2f9f5bb4210e
vk.com/settings = vk.com = a7fd7d6a-3461-46cb-9151-f8cd92441165
vk.com/settings = vk.me/ = a7fd7d6a-3461-46cb-9151-f8cd92441165
vk.com/settings = static.vk.com/restore = a7fd7d6a-3461-46cb-9151-f8cd92441165
vk.com/settings = vk.com/join = a7fd7d6a-3461-46cb-9151-f8cd92441165
vk.com/settings = vk.com/login = a7fd7d6a-3461-46cb-9151-f8cd92441165
vk.com/settings = vk.com/settings = a7fd7d6a-3461-46cb-9151-f8cd92441165
vk.com/settings = vk.com/settings = a7fd7d6a-3461-46cb-9151-f8cd92441165
vk.com/settings = vk.com/settings = a7fd7d6a-3461-46cb-9151-f8cd92441165
vk.com/settings = vk.com/fv = a7fd7d6a-3461-46cb-9151-f8cd92441165
vk.com/login = vk.com = ad94faa5-5d54-403a-9d5f-efd3b75f33e0
vk.com/login = vk.me/ = ad94faa5-5d54-403a-9d5f-efd3b75f33e0
vk.com/login = static.vk.com/restore = ad94faa5-5d54-403a-9d5f-efd3b75f33e0
vk.com/login = vk.com/join = ad94faa5-5d54-403a-9d5f-efd3b75f33e0
vk.com/login = vk.com/login = ad94faa5-5d54-403a-9d5f-efd3b75f33e0
vk.com/login = vk.com/settings = ad94faa5-5d54-403a-9d5f-efd3b75f33e0
vk.com/login = vk.com/settings = ad94faa5-5d54-403a-9d5f-efd3b75f33e0
vk.com/login = vk.com/settings = ad94faa5-5d54-403a-9d5f-efd3b75f33e0
vk.com/login = vk.com/fv = ad94faa5-5d54-403a-9d5f-efd3b75f33e0
vk.com/settings = vk.com = 45af37f4-a754-4df7-9071-509091ad88f1
vk.com/settings = vk.me/ = 45af37f4-a754-4df7-9071-509091ad88f1
vk.com/settings = static.vk.com/restore = 45af37f4-a754-4df7-9071-509091ad88f1
vk.com/settings = vk.com/join = 45af37f4-a754-4df7-9071-509091ad88f1
vk.com/settings = vk.com/login = 45af37f4-a754-4df7-9071-509091ad88f1
vk.com/settings = vk.com/settings = 45af37f4-a754-4df7-9071-509091ad88f1
vk.com/settings = vk.com/settings = 45af37f4-a754-4df7-9071-509091ad88f1
vk.com/settings = vk.com/settings = 45af37f4-a754-4df7-9071-509091ad88f1
vk.com/settings = vk.com/fv = 45af37f4-a754-4df7-9071-509091ad88f1
vk.com/settings = vk.com = 4900a1d0-6c85-42c7-8a64-2a83e1f5670a
vk.com/settings = vk.me/ = 4900a1d0-6c85-42c7-8a64-2a83e1f5670a
vk.com/settings = vk.com = 12b0f298-eba7-4a21-aeae-1ca304888672
vk.com/settings = static.vk.com/restore = 4900a1d0-6c85-42c7-8a64-2a83e1f5670a
vk.com/settings = vk.me/ = 12b0f298-eba7-4a21-aeae-1ca304888672
vk.com/join = vk.com/login = d95c354c-34d1-4805-90b7-6d03dfbe1e24
vk.com/settings = vk.com/join = 4900a1d0-6c85-42c7-8a64-2a83e1f5670a
vk.com/settings = static.vk.com/restore = 12b0f298-eba7-4a21-aeae-1ca304888672
vk.com/join = connect.vk.com/promo = d95c354c-34d1-4805-90b7-6d03dfbe1e24
vk.com/settings = vk.com/login = 4900a1d0-6c85-42c7-8a64-2a83e1f5670a
vk.com/settings = vk.com/join = 12b0f298-eba7-4a21-aeae-1ca304888672
vk.com/join = vk.com/login = d95c354c-34d1-4805-90b7-6d03dfbe1e24
vk.com/settings = vk.com/settings = 4900a1d0-6c85-42c7-8a64-2a83e1f5670a
vk.com/settings = vk.com/login = 12b0f298-eba7-4a21-aeae-1ca304888672
vk.com/join = vk.com/settings = d95c354c-34d1-4805-90b7-6d03dfbe1e24
vk.com/settings = vk.com/settings = 4900a1d0-6c85-42c7-8a64-2a83e1f5670a
vk.com/settings = vk.com/settings = 12b0f298-eba7-4a21-aeae-1ca304888672
vk.com/join = vk.com/settings = d95c354c-34d1-4805-90b7-6d03dfbe1e24
vk.com/settings = vk.com/settings = 4900a1d0-6c85-42c7-8a64-2a83e1f5670a
vk.com/settings = vk.com/settings = 12b0f298-eba7-4a21-aeae-1ca304888672
vk.com/join = vk.com/settings = d95c354c-34d1-4805-90b7-6d03dfbe1e24
vk.com/settings = vk.com/fv = 4900a1d0-6c85-42c7-8a64-2a83e1f5670a
vk.com/settings = vk.com/settings = 12b0f298-eba7-4a21-aeae-1ca304888672
vk.com/settings = vk.com/fv = 12b0f298-eba7-4a21-aeae-1ca304888672
vk.com/settings = vk.com = b974f716-f53d-472d-bdc3-5647d82806ec
vk.com/settings = vk.me/ = b974f716-f53d-472d-bdc3-5647d82806ec
vk.com/settings = static.vk.com/restore = b974f716-f53d-472d-bdc3-5647d82806ec
vk.com/settings = vk.com/join = b974f716-f53d-472d-bdc3-5647d82806ec
vk.com/settings = vk.com/login = b974f716-f53d-472d-bdc3-5647d82806ec
vk.com/settings = vk.com/settings = b974f716-f53d-472d-bdc3-5647d82806ec
vk.com/settings = vk.com/settings = b974f716-f53d-472d-bdc3-5647d82806ec
vk.com/settings = vk.com/settings = b974f716-f53d-472d-bdc3-5647d82806ec
vk.com/settings = vk.com/fv = b974f716-f53d-472d-bdc3-5647d82806ec
vk.com/settings = vk.com = 44daf4ee-6408-4ba2-b2a7-b8fcb65f5089
vk.com/settings = vk.me/ = 44daf4ee-6408-4ba2-b2a7-b8fcb65f5089
vk.com/settings = static.vk.com/restore = 44daf4ee-6408-4ba2-b2a7-b8fcb65f5089
vk.com/settings = vk.com/join = 44daf4ee-6408-4ba2-b2a7-b8fcb65f5089
vk.com/settings = vk.com/login = 44daf4ee-6408-4ba2-b2a7-b8fcb65f5089
vk.com/settings = vk.com/settings = 44daf4ee-6408-4ba2-b2a7-b8fcb65f5089
vk.com/settings = vk.com/settings = 44daf4ee-6408-4ba2-b2a7-b8fcb65f5089
vk.com/settings = vk.com/settings = 44daf4ee-6408-4ba2-b2a7-b8fcb65f5089
vk.com/settings = vk.com/fv = 44daf4ee-6408-4ba2-b2a7-b8fcb65f5089
vk.com/join = vk.com/login = 5ad422f0-2568-4d89-9ded-7fb1c7b95e30
vk.com/join = connect.vk.com/promo = 5ad422f0-2568-4d89-9ded-7fb1c7b95e30
vk.com/join = vk.com/login = 5ad422f0-2568-4d89-9ded-7fb1c7b95e30
vk.com/join = vk.com/settings = 5ad422f0-2568-4d89-9ded-7fb1c7b95e30
vk.com/join = vk.com/settings = 5ad422f0-2568-4d89-9ded-7fb1c7b95e30
vk.com/join = vk.com/settings = 5ad422f0-2568-4d89-9ded-7fb1c7b95e30
vk.com/join = vk.com/login = b2761a7f-4119-488f-9ae0-c4b555fff267
vk.com/join = connect.vk.com/promo = b2761a7f-4119-488f-9ae0-c4b555fff267
vk.com/join = vk.com/login = b2761a7f-4119-488f-9ae0-c4b555fff267
vk.com/settings = vk.com = f74ee2c6-443d-4753-8ece-3bdf05b53e28
vk.com/join = vk.com/settings = b2761a7f-4119-488f-9ae0-c4b555fff267
vk.com/settings = vk.me/ = f74ee2c6-443d-4753-8ece-3bdf05b53e28
vk.com/join = vk.com/settings = b2761a7f-4119-488f-9ae0-c4b555fff267
vk.com/settings = static.vk.com/restore = f74ee2c6-443d-4753-8ece-3bdf05b53e28
vk.com/join = vk.com/settings = b2761a7f-4119-488f-9ae0-c4b555fff267
vk.com/settings = vk.com/join = f74ee2c6-443d-4753-8ece-3bdf05b53e28
vk.com/settings = vk.com/login = f74ee2c6-443d-4753-8ece-3bdf05b53e28
vk.com/settings = vk.com/settings = f74ee2c6-443d-4753-8ece-3bdf05b53e28
vk.com/settings = vk.com/settings = f74ee2c6-443d-4753-8ece-3bdf05b53e28
vk.com/settings = vk.com/settings = f74ee2c6-443d-4753-8ece-3bdf05b53e28
vk.com/settings = vk.com/fv = f74ee2c6-443d-4753-8ece-3bdf05b53e28
vk.com/settings = vk.com = 70dbc0e3-b67f-4340-b40f-48b012414e48
vk.com/settings = vk.me/ = 70dbc0e3-b67f-4340-b40f-48b012414e48
vk.com/settings = vk.com = b80ff72e-9acd-4567-8ada-bf93c10c7ac3
vk.com/settings = vk.com = 061090ac-0ce0-415a-a127-05a3cb107aa8
vk.com/settings = vk.com = bb49d2ec-de43-40f8-8b72-faf0e45c3f48
vk.com/settings = static.vk.com/restore = 70dbc0e3-b67f-4340-b40f-48b012414e48
vk.com/settings = vk.me/ = b80ff72e-9acd-4567-8ada-bf93c10c7ac3
vk.com/settings = vk.com = 4aed287f-e48e-4be5-a605-f68ad7b00a3a
vk.com/settings = vk.com = fe998d4f-153e-4b02-bf80-2f48b23996bd
vk.com/settings = vk.me/ = 061090ac-0ce0-415a-a127-05a3cb107aa8
vk.com/settings = vk.com = e76f4af2-ffbf-4c2e-a279-83c94ec5fc5c
vk.com/settings = vk.me/ = bb49d2ec-de43-40f8-8b72-faf0e45c3f48
vk.com/settings = vk.com/join = 70dbc0e3-b67f-4340-b40f-48b012414e48
vk.com/settings = static.vk.com/restore = b80ff72e-9acd-4567-8ada-bf93c10c7ac3
vk.com/settings = vk.me/ = 4aed287f-e48e-4be5-a605-f68ad7b00a3a
vk.com/settings = vk.me/ = fe998d4f-153e-4b02-bf80-2f48b23996bd
vk.com/settings = static.vk.com/restore = 061090ac-0ce0-415a-a127-05a3cb107aa8
vk.com/settings = vk.me/ = e76f4af2-ffbf-4c2e-a279-83c94ec5fc5c
vk.com/settings = static.vk.com/restore = bb49d2ec-de43-40f8-8b72-faf0e45c3f48
vk.com/settings = vk.com/login = 70dbc0e3-b67f-4340-b40f-48b012414e48
vk.com/settings = vk.com/join = b80ff72e-9acd-4567-8ada-bf93c10c7ac3
vk.com/settings = static.vk.com/restore = 4aed287f-e48e-4be5-a605-f68ad7b00a3a
vk.com/settings = static.vk.com/restore = fe998d4f-153e-4b02-bf80-2f48b23996bd
vk.com/settings = vk.com/join = 061090ac-0ce0-415a-a127-05a3cb107aa8
vk.com/settings = static.vk.com/restore = e76f4af2-ffbf-4c2e-a279-83c94ec5fc5c
vk.com/settings = vk.com/join = bb49d2ec-de43-40f8-8b72-faf0e45c3f48
vk.com/settings = vk.com/settings = 70dbc0e3-b67f-4340-b40f-48b012414e48
vk.com/settings = vk.com/login = b80ff72e-9acd-4567-8ada-bf93c10c7ac3
vk.com/settings = vk.com/join = 4aed287f-e48e-4be5-a605-f68ad7b00a3a
vk.com/settings = vk.com/join = fe998d4f-153e-4b02-bf80-2f48b23996bd
vk.com/settings = vk.com/login = 061090ac-0ce0-415a-a127-05a3cb107aa8
vk.com/settings = vk.com/join = e76f4af2-ffbf-4c2e-a279-83c94ec5fc5c
vk.com/settings = vk.com/login = bb49d2ec-de43-40f8-8b72-faf0e45c3f48
vk.com/settings = vk.com/settings = 70dbc0e3-b67f-4340-b40f-48b012414e48
vk.com/settings = vk.com/settings = b80ff72e-9acd-4567-8ada-bf93c10c7ac3
vk.com/settings = vk.com/login = 4aed287f-e48e-4be5-a605-f68ad7b00a3a
vk.com/settings = vk.com/login = fe998d4f-153e-4b02-bf80-2f48b23996bd
vk.com/settings = vk.com/settings = 061090ac-0ce0-415a-a127-05a3cb107aa8
vk.com/settings = vk.com/login = e76f4af2-ffbf-4c2e-a279-83c94ec5fc5c
vk.com/settings = vk.com/settings = bb49d2ec-de43-40f8-8b72-faf0e45c3f48
vk.com/settings = vk.com/settings = 70dbc0e3-b67f-4340-b40f-48b012414e48
vk.com/settings = vk.com/settings = b80ff72e-9acd-4567-8ada-bf93c10c7ac3
vk.com/settings = vk.com/settings = 4aed287f-e48e-4be5-a605-f68ad7b00a3a
vk.com/settings = vk.com/settings = fe998d4f-153e-4b02-bf80-2f48b23996bd
vk.com/settings = vk.com/settings = 061090ac-0ce0-415a-a127-05a3cb107aa8
vk.com/settings = vk.com/settings = e76f4af2-ffbf-4c2e-a279-83c94ec5fc5c
vk.com/settings = vk.com/settings = bb49d2ec-de43-40f8-8b72-faf0e45c3f48
vk.com/settings = vk.com/fv = 70dbc0e3-b67f-4340-b40f-48b012414e48
vk.com/settings = vk.com/settings = b80ff72e-9acd-4567-8ada-bf93c10c7ac3
vk.com/settings = vk.com/settings = 4aed287f-e48e-4be5-a605-f68ad7b00a3a
vk.com/settings = vk.com/settings = fe998d4f-153e-4b02-bf80-2f48b23996bd
vk.com/settings = vk.com/settings = 061090ac-0ce0-415a-a127-05a3cb107aa8
vk.com/settings = vk.com/settings = e76f4af2-ffbf-4c2e-a279-83c94ec5fc5c
vk.com/settings = vk.com/settings = bb49d2ec-de43-40f8-8b72-faf0e45c3f48
vk.com/settings = vk.com/fv = b80ff72e-9acd-4567-8ada-bf93c10c7ac3
vk.com/settings = vk.com/settings = 4aed287f-e48e-4be5-a605-f68ad7b00a3a
vk.com/settings = vk.com/settings = fe998d4f-153e-4b02-bf80-2f48b23996bd
vk.com/settings = vk.com/fv = 061090ac-0ce0-415a-a127-05a3cb107aa8
vk.com/settings = vk.com/settings = e76f4af2-ffbf-4c2e-a279-83c94ec5fc5c
vk.com/settings = vk.com/fv = bb49d2ec-de43-40f8-8b72-faf0e45c3f48
vk.com/settings = vk.com/fv = 4aed287f-e48e-4be5-a605-f68ad7b00a3a
vk.com/settings = vk.com/fv = fe998d4f-153e-4b02-bf80-2f48b23996bd
vk.com/settings = vk.com/fv = e76f4af2-ffbf-4c2e-a279-83c94ec5fc5c
vk.com/settings = vk.com = 60a089bd-1542-4b33-80f3-29b1be2bacba
vk.com/settings = vk.me/ = 60a089bd-1542-4b33-80f3-29b1be2bacba
vk.com/settings = static.vk.com/restore = 60a089bd-1542-4b33-80f3-29b1be2bacba
vk.com/settings = vk.com/join = 60a089bd-1542-4b33-80f3-29b1be2bacba
vk.com/settings = vk.com/login = 60a089bd-1542-4b33-80f3-29b1be2bacba
vk.com/settings = vk.com/settings = 60a089bd-1542-4b33-80f3-29b1be2bacba
vk.com/settings = vk.com/settings = 60a089bd-1542-4b33-80f3-29b1be2bacba
vk.com/settings = vk.com/settings = 60a089bd-1542-4b33-80f3-29b1be2bacba
vk.com/settings = vk.com/fv = 60a089bd-1542-4b33-80f3-29b1be2bacba
vk.com/settings = vk.com = ead82261-89e9-4be0-98d5-c133a9f8bbfe
vk.com/settings = vk.me/ = ead82261-89e9-4be0-98d5-c133a9f8bbfe
vk.com/settings = static.vk.com/restore = ead82261-89e9-4be0-98d5-c133a9f8bbfe
vk.com/settings = vk.com/join = ead82261-89e9-4be0-98d5-c133a9f8bbfe
vk.com/settings = vk.com/login = ead82261-89e9-4be0-98d5-c133a9f8bbfe
vk.com/settings = vk.com/settings = ead82261-89e9-4be0-98d5-c133a9f8bbfe
vk.com/settings = vk.com/settings = ead82261-89e9-4be0-98d5-c133a9f8bbfe
vk.com/settings = vk.com/settings = ead82261-89e9-4be0-98d5-c133a9f8bbfe
vk.com/settings = vk.com/fv = ead82261-89e9-4be0-98d5-c133a9f8bbfe
vk.com/join = vk.com/login = b9ab86ea-df8b-40eb-9014-2f7da9ebe494
vk.com/join = connect.vk.com/promo = b9ab86ea-df8b-40eb-9014-2f7da9ebe494
vk.com/join = vk.com/login = b9ab86ea-df8b-40eb-9014-2f7da9ebe494
vk.com/join = vk.com/settings = b9ab86ea-df8b-40eb-9014-2f7da9ebe494
vk.com/join = vk.com/settings = b9ab86ea-df8b-40eb-9014-2f7da9ebe494
vk.com/join = vk.com/settings = b9ab86ea-df8b-40eb-9014-2f7da9ebe494
vk.com/settings = vk.com = 0aa6dba7-1ddc-40ec-8a38-f4ecc9b2c72b
vk.com/settings = vk.me/ = 0aa6dba7-1ddc-40ec-8a38-f4ecc9b2c72b
vk.com/settings = static.vk.com/restore = 0aa6dba7-1ddc-40ec-8a38-f4ecc9b2c72b
vk.com/settings = vk.com/join = 0aa6dba7-1ddc-40ec-8a38-f4ecc9b2c72b
vk.com/settings = vk.com/login = 0aa6dba7-1ddc-40ec-8a38-f4ecc9b2c72b
vk.com/settings = vk.com/settings = 0aa6dba7-1ddc-40ec-8a38-f4ecc9b2c72b
vk.com/settings = vk.com/settings = 0aa6dba7-1ddc-40ec-8a38-f4ecc9b2c72b
vk.com/settings = vk.com/settings = 0aa6dba7-1ddc-40ec-8a38-f4ecc9b2c72b
vk.com/settings = vk.com/fv = 0aa6dba7-1ddc-40ec-8a38-f4ecc9b2c72b
vk.com/login = vk.com = 90c5f0ea-1609-4c38-b1a6-24e48366cd66
vk.com/login = vk.me/ = 90c5f0ea-1609-4c38-b1a6-24e48366cd66
vk.com/login = static.vk.com/restore = 90c5f0ea-1609-4c38-b1a6-24e48366cd66
vk.com/login = vk.com/join = 90c5f0ea-1609-4c38-b1a6-24e48366cd66
vk.com/login = vk.com/login = 90c5f0ea-1609-4c38-b1a6-24e48366cd66
vk.com/login = vk.com/settings = 90c5f0ea-1609-4c38-b1a6-24e48366cd66
vk.com/login = vk.com/settings = 90c5f0ea-1609-4c38-b1a6-24e48366cd66
vk.com/login = vk.com/settings = 90c5f0ea-1609-4c38-b1a6-24e48366cd66
vk.com/login = vk.com/fv = 90c5f0ea-1609-4c38-b1a6-24e48366cd66
vk.com/login = vk.com = f23d30c3-3b92-464b-8a2e-78e2e67aa4bb
vk.com/login = vk.me/ = f23d30c3-3b92-464b-8a2e-78e2e67aa4bb
vk.com/settings = vk.com = 62cdf9a6-7300-4574-bf8b-1b11a18c6e95
vk.com/login = static.vk.com/restore = f23d30c3-3b92-464b-8a2e-78e2e67aa4bb
vk.com/settings = vk.me/ = 62cdf9a6-7300-4574-bf8b-1b11a18c6e95
vk.com/login = vk.com/join = f23d30c3-3b92-464b-8a2e-78e2e67aa4bb
vk.com/settings = static.vk.com/restore = 62cdf9a6-7300-4574-bf8b-1b11a18c6e95
vk.com/login = vk.com/login = f23d30c3-3b92-464b-8a2e-78e2e67aa4bb
vk.com/settings = vk.com/join = 62cdf9a6-7300-4574-bf8b-1b11a18c6e95
vk.com/login = vk.com/settings = f23d30c3-3b92-464b-8a2e-78e2e67aa4bb
vk.com/settings = vk.com/login = 62cdf9a6-7300-4574-bf8b-1b11a18c6e95
vk.com/login = vk.com/settings = f23d30c3-3b92-464b-8a2e-78e2e67aa4bb
vk.com/settings = vk.com/settings = 62cdf9a6-7300-4574-bf8b-1b11a18c6e95
vk.com/login = vk.com/settings = f23d30c3-3b92-464b-8a2e-78e2e67aa4bb
vk.com/settings = vk.com/settings = 62cdf9a6-7300-4574-bf8b-1b11a18c6e95
vk.com/login = vk.com/fv = f23d30c3-3b92-464b-8a2e-78e2e67aa4bb
vk.com/settings = vk.com/settings = 62cdf9a6-7300-4574-bf8b-1b11a18c6e95
vk.com/settings = vk.com/fv = 62cdf9a6-7300-4574-bf8b-1b11a18c6e95
vk.com/settings = vk.com = 5ac66a45-ea72-4bf9-86cd-9698ddd21f66
vk.com/settings = vk.me/ = 5ac66a45-ea72-4bf9-86cd-9698ddd21f66
vk.com/settings = static.vk.com/restore = 5ac66a45-ea72-4bf9-86cd-9698ddd21f66
vk.com/settings = vk.com/join = 5ac66a45-ea72-4bf9-86cd-9698ddd21f66
vk.com/settings = vk.com/login = 5ac66a45-ea72-4bf9-86cd-9698ddd21f66
vk.com/settings = vk.com/settings = 5ac66a45-ea72-4bf9-86cd-9698ddd21f66
vk.com/settings = vk.com/settings = 5ac66a45-ea72-4bf9-86cd-9698ddd21f66
vk.com/settings = vk.com/settings = 5ac66a45-ea72-4bf9-86cd-9698ddd21f66
vk.com/settings = vk.com/fv = 5ac66a45-ea72-4bf9-86cd-9698ddd21f66
vk.com/settings = vk.com = 809d17fa-2c1b-49d0-a5ee-b140786a420f
vk.com/settings = vk.me/ = 809d17fa-2c1b-49d0-a5ee-b140786a420f
vk.com/settings = static.vk.com/restore = 809d17fa-2c1b-49d0-a5ee-b140786a420f
vk.com/settings = vk.com/join = 809d17fa-2c1b-49d0-a5ee-b140786a420f
vk.com/settings = vk.com/login = 809d17fa-2c1b-49d0-a5ee-b140786a420f
vk.com/settings = vk.com/settings = 809d17fa-2c1b-49d0-a5ee-b140786a420f
vk.com/settings = vk.com/settings = 809d17fa-2c1b-49d0-a5ee-b140786a420f
vk.com/settings = vk.com/settings = 809d17fa-2c1b-49d0-a5ee-b140786a420f
vk.com/settings = vk.com/fv = 809d17fa-2c1b-49d0-a5ee-b140786a420f
vk.com/login = vk.com = c922bc97-c366-4a2b-9ebc-35154cee9274
vk.com/login = vk.me/ = c922bc97-c366-4a2b-9ebc-35154cee9274
vk.com/login = static.vk.com/restore = c922bc97-c366-4a2b-9ebc-35154cee9274
vk.com/login = vk.com/join = c922bc97-c366-4a2b-9ebc-35154cee9274
vk.com/login = vk.com/login = c922bc97-c366-4a2b-9ebc-35154cee9274
vk.com/login = vk.com/settings = c922bc97-c366-4a2b-9ebc-35154cee9274
vk.com/login = vk.com/settings = c922bc97-c366-4a2b-9ebc-35154cee9274
vk.com/login = vk.com/settings = c922bc97-c366-4a2b-9ebc-35154cee9274
vk.com/login = vk.com/fv = c922bc97-c366-4a2b-9ebc-35154cee9274
vk.com/login = vk.com = f39da0bb-fb05-4498-83eb-06bcc7d14099
vk.com/login = vk.me/ = f39da0bb-fb05-4498-83eb-06bcc7d14099
vk.com/login = vk.com = 21236730-4cd4-4628-be1b-25fcc8cb3937
vk.com/login = vk.me/ = 21236730-4cd4-4628-be1b-25fcc8cb3937
vk.com/login = static.vk.com/restore = f39da0bb-fb05-4498-83eb-06bcc7d14099
vk.com/join = vk.com/login = 1c321d34-688c-4496-91d0-1a82201182b9
vk.com/settings = vk.com = ebff9150-b92a-4d2e-9f45-78594661576b
vk.com/login = static.vk.com/restore = 21236730-4cd4-4628-be1b-25fcc8cb3937
vk.com/login = vk.com/join = f39da0bb-fb05-4498-83eb-06bcc7d14099
vk.com/join = connect.vk.com/promo = 1c321d34-688c-4496-91d0-1a82201182b9
vk.com/settings = vk.com = 77da48e7-b8a7-4a20-98c3-541a8e41090c
vk.com/settings = vk.me/ = ebff9150-b92a-4d2e-9f45-78594661576b
vk.com/login = vk.com/join = 21236730-4cd4-4628-be1b-25fcc8cb3937
vk.com/login = vk.com/login = f39da0bb-fb05-4498-83eb-06bcc7d14099
vk.com/join = vk.com/login = 1c321d34-688c-4496-91d0-1a82201182b9
vk.com/settings = vk.me/ = 77da48e7-b8a7-4a20-98c3-541a8e41090c
vk.com/settings = static.vk.com/restore = ebff9150-b92a-4d2e-9f45-78594661576b
vk.com/login = vk.com/login = 21236730-4cd4-4628-be1b-25fcc8cb3937
vk.com/login = vk.com/settings = f39da0bb-fb05-4498-83eb-06bcc7d14099
vk.com/join = vk.com/settings = 1c321d34-688c-4496-91d0-1a82201182b9
vk.com/settings = static.vk.com/restore = 77da48e7-b8a7-4a20-98c3-541a8e41090c
vk.com/settings = vk.com/join = ebff9150-b92a-4d2e-9f45-78594661576b
vk.com/login = vk.com/settings = 21236730-4cd4-4628-be1b-25fcc8cb3937
vk.com/login = vk.com/settings = f39da0bb-fb05-4498-83eb-06bcc7d14099
vk.com/join = vk.com/settings = 1c321d34-688c-4496-91d0-1a82201182b9
vk.com/settings = vk.com/join = 77da48e7-b8a7-4a20-98c3-541a8e41090c
vk.com/settings = vk.com/login = ebff9150-b92a-4d2e-9f45-78594661576b
vk.com/login = vk.com/settings = 21236730-4cd4-4628-be1b-25fcc8cb3937
vk.com/login = vk.com/settings = f39da0bb-fb05-4498-83eb-06bcc7d14099
vk.com/join = vk.com/settings = 1c321d34-688c-4496-91d0-1a82201182b9
vk.com/settings = vk.com/login = 77da48e7-b8a7-4a20-98c3-541a8e41090c
vk.com/settings = vk.com/settings = ebff9150-b92a-4d2e-9f45-78594661576b
vk.com/login = vk.com/settings = 21236730-4cd4-4628-be1b-25fcc8cb3937
vk.com/login = vk.com/fv = f39da0bb-fb05-4498-83eb-06bcc7d14099
vk.com/settings = vk.com/settings = 77da48e7-b8a7-4a20-98c3-541a8e41090c
vk.com/settings = vk.com/settings = ebff9150-b92a-4d2e-9f45-78594661576b
vk.com/login = vk.com/fv = 21236730-4cd4-4628-be1b-25fcc8cb3937
vk.com/settings = vk.com/settings = 77da48e7-b8a7-4a20-98c3-541a8e41090c
vk.com/settings = vk.com/settings = ebff9150-b92a-4d2e-9f45-78594661576b
vk.com/settings = vk.com/settings = 77da48e7-b8a7-4a20-98c3-541a8e41090c
vk.com/settings = vk.com/fv = ebff9150-b92a-4d2e-9f45-78594661576b
vk.com/settings = vk.com/fv = 77da48e7-b8a7-4a20-98c3-541a8e41090c
vk.com/join = vk.com/login = 9660a590-da7d-41dc-9441-d8d50949d389
vk.com/join = connect.vk.com/promo = 9660a590-da7d-41dc-9441-d8d50949d389
vk.com/join = vk.com/login = 9660a590-da7d-41dc-9441-d8d50949d389
vk.com/join = vk.com/settings = 9660a590-da7d-41dc-9441-d8d50949d389
vk.com/join = vk.com/settings = 9660a590-da7d-41dc-9441-d8d50949d389
vk.com/join = vk.com/settings = 9660a590-da7d-41dc-9441-d8d50949d389
vk.com/settings = vk.com = 19b33f66-6fbe-412d-b2ac-4ba703143665
vk.com/settings = vk.me/ = 19b33f66-6fbe-412d-b2ac-4ba703143665
vk.com/settings = static.vk.com/restore = 19b33f66-6fbe-412d-b2ac-4ba703143665
vk.com/settings = vk.com/join = 19b33f66-6fbe-412d-b2ac-4ba703143665
vk.com/settings = vk.com/login = 19b33f66-6fbe-412d-b2ac-4ba703143665
vk.com/settings = vk.com = 6e1a2ff4-5ba7-42e7-86d1-e5acb88d3fb5
vk.com/settings = vk.me/ = 6e1a2ff4-5ba7-42e7-86d1-e5acb88d3fb5
vk.com/settings = vk.com/settings = 19b33f66-6fbe-412d-b2ac-4ba703143665
vk.com/join = vk.com/login = 1c3d217a-25d2-4ff8-ab59-7385efb295aa
vk.com/settings = static.vk.com/restore = 6e1a2ff4-5ba7-42e7-86d1-e5acb88d3fb5
vk.com/settings = vk.com/join = 6e1a2ff4-5ba7-42e7-86d1-e5acb88d3fb5
vk.com/join = connect.vk.com/promo = 1c3d217a-25d2-4ff8-ab59-7385efb295aa
vk.com/settings = vk.com/settings = 19b33f66-6fbe-412d-b2ac-4ba703143665
vk.com/settings = vk.com/login = 6e1a2ff4-5ba7-42e7-86d1-e5acb88d3fb5
vk.com/join = vk.com/login = 1c3d217a-25d2-4ff8-ab59-7385efb295aa
vk.com/settings = vk.com/settings = 19b33f66-6fbe-412d-b2ac-4ba703143665
vk.com/settings = vk.com/settings = 6e1a2ff4-5ba7-42e7-86d1-e5acb88d3fb5
vk.com/join = vk.com/settings = 1c3d217a-25d2-4ff8-ab59-7385efb295aa
vk.com/settings = vk.com/fv = 19b33f66-6fbe-412d-b2ac-4ba703143665
vk.com/settings = vk.com/settings = 6e1a2ff4-5ba7-42e7-86d1-e5acb88d3fb5
vk.com/join = vk.com/settings = 1c3d217a-25d2-4ff8-ab59-7385efb295aa
vk.com/settings = vk.com/settings = 6e1a2ff4-5ba7-42e7-86d1-e5acb88d3fb5
vk.com/join = vk.com/settings = 1c3d217a-25d2-4ff8-ab59-7385efb295aa
vk.com/settings = vk.com/fv = 6e1a2ff4-5ba7-42e7-86d1-e5acb88d3fb5
vk.com/settings = vk.com = 2b6cd9f6-653a-4fa6-a9ac-51b3a44e88d3
vk.com/settings = vk.me/ = 2b6cd9f6-653a-4fa6-a9ac-51b3a44e88d3
vk.com/settings = static.vk.com/restore = 2b6cd9f6-653a-4fa6-a9ac-51b3a44e88d3
vk.com/settings = vk.com/join = 2b6cd9f6-653a-4fa6-a9ac-51b3a44e88d3
vk.com/settings = vk.com/login = 2b6cd9f6-653a-4fa6-a9ac-51b3a44e88d3
vk.com/settings = vk.com/settings = 2b6cd9f6-653a-4fa6-a9ac-51b3a44e88d3
vk.com/settings = vk.com/settings = 2b6cd9f6-653a-4fa6-a9ac-51b3a44e88d3
vk.com/settings = vk.com/settings = 2b6cd9f6-653a-4fa6-a9ac-51b3a44e88d3
vk.com/settings = vk.com/fv = 2b6cd9f6-653a-4fa6-a9ac-51b3a44e88d3
vk.com/settings = vk.com = 1dd5cde9-bc2f-48de-8d2c-eb88d3a0acca
vk.com/settings = vk.me/ = 1dd5cde9-bc2f-48de-8d2c-eb88d3a0acca
vk.com/settings = static.vk.com/restore = 1dd5cde9-bc2f-48de-8d2c-eb88d3a0acca
vk.com/settings = vk.com/join = 1dd5cde9-bc2f-48de-8d2c-eb88d3a0acca
vk.com/settings = vk.com/login = 1dd5cde9-bc2f-48de-8d2c-eb88d3a0acca
vk.com/settings = vk.com/settings = 1dd5cde9-bc2f-48de-8d2c-eb88d3a0acca
vk.com/settings = vk.com/settings = 1dd5cde9-bc2f-48de-8d2c-eb88d3a0acca
vk.com/settings = vk.com/settings = 1dd5cde9-bc2f-48de-8d2c-eb88d3a0acca
vk.com/settings = vk.com/fv = 1dd5cde9-bc2f-48de-8d2c-eb88d3a0acca
vk.com/login = vk.com = c9963bc5-c606-4a3f-a12c-85a7b6883a3e
vk.com/login = vk.me/ = c9963bc5-c606-4a3f-a12c-85a7b6883a3e
vk.com/login = static.vk.com/restore = c9963bc5-c606-4a3f-a12c-85a7b6883a3e
vk.com/login = vk.com/join = c9963bc5-c606-4a3f-a12c-85a7b6883a3e
vk.com/login = vk.com/login = c9963bc5-c606-4a3f-a12c-85a7b6883a3e
vk.com/settings = vk.com = ff43f077-b4e1-41f9-86b9-4bbcf6081410
vk.com/login = vk.com/settings = c9963bc5-c606-4a3f-a12c-85a7b6883a3e
vk.com/settings = vk.me/ = ff43f077-b4e1-41f9-86b9-4bbcf6081410
vk.com/login = vk.com/settings = c9963bc5-c606-4a3f-a12c-85a7b6883a3e
vk.com/settings = static.vk.com/restore = ff43f077-b4e1-41f9-86b9-4bbcf6081410
vk.com/login = vk.com/settings = c9963bc5-c606-4a3f-a12c-85a7b6883a3e
vk.com/settings = vk.com/join = ff43f077-b4e1-41f9-86b9-4bbcf6081410
vk.com/login = vk.com/fv = c9963bc5-c606-4a3f-a12c-85a7b6883a3e
vk.com/settings = vk.com/login = ff43f077-b4e1-41f9-86b9-4bbcf6081410
vk.com/settings = vk.com/settings = ff43f077-b4e1-41f9-86b9-4bbcf6081410
vk.com/settings = vk.com/settings = ff43f077-b4e1-41f9-86b9-4bbcf6081410
vk.com/settings = vk.com/settings = ff43f077-b4e1-41f9-86b9-4bbcf6081410
vk.com/settings = vk.com/fv = ff43f077-b4e1-41f9-86b9-4bbcf6081410
vk.com/settings = vk.com = 7a7b77d7-04d7-4414-8d2c-0dc563c5be6a
vk.com/settings = vk.me/ = 7a7b77d7-04d7-4414-8d2c-0dc563c5be6a
vk.com/settings = static.vk.com/restore = 7a7b77d7-04d7-4414-8d2c-0dc563c5be6a
vk.com/settings = vk.com/join = 7a7b77d7-04d7-4414-8d2c-0dc563c5be6a
vk.com/settings = vk.com/login = 7a7b77d7-04d7-4414-8d2c-0dc563c5be6a
vk.com/settings = vk.com/settings = 7a7b77d7-04d7-4414-8d2c-0dc563c5be6a
vk.com/settings = vk.com/settings = 7a7b77d7-04d7-4414-8d2c-0dc563c5be6a
vk.com/settings = vk.com/settings = 7a7b77d7-04d7-4414-8d2c-0dc563c5be6a
vk.com/settings = vk.com/fv = 7a7b77d7-04d7-4414-8d2c-0dc563c5be6a
vk.com/settings = vk.com = 5a217667-7923-4bb8-b6a2-257504138741
vk.com/settings = vk.me/ = 5a217667-7923-4bb8-b6a2-257504138741
vk.com/settings = static.vk.com/restore = 5a217667-7923-4bb8-b6a2-257504138741
vk.com/settings = vk.com/join = 5a217667-7923-4bb8-b6a2-257504138741
vk.com/settings = vk.com/login = 5a217667-7923-4bb8-b6a2-257504138741
vk.com/settings = vk.com/settings = 5a217667-7923-4bb8-b6a2-257504138741
vk.com/settings = vk.com = bde989e3-88bc-4f5b-8b43-820dc1b7f6ab
vk.com/settings = vk.com/settings = 5a217667-7923-4bb8-b6a2-257504138741
vk.com/settings = vk.com = 3a7020cc-0217-4ced-96df-5757a322a9c3
vk.com/settings = vk.me/ = bde989e3-88bc-4f5b-8b43-820dc1b7f6ab
vk.com/settings = vk.com/settings = 5a217667-7923-4bb8-b6a2-257504138741
vk.com/settings = vk.com = 460349aa-8b06-40f1-b585-fbacdfc9cae9
vk.com/settings = vk.me/ = 3a7020cc-0217-4ced-96df-5757a322a9c3
vk.com/settings = static.vk.com/restore = bde989e3-88bc-4f5b-8b43-820dc1b7f6ab
vk.com/settings = vk.com/join = bde989e3-88bc-4f5b-8b43-820dc1b7f6ab
vk.com/settings = vk.me/ = 460349aa-8b06-40f1-b585-fbacdfc9cae9
vk.com/settings = static.vk.com/restore = 3a7020cc-0217-4ced-96df-5757a322a9c3
vk.com/settings = vk.com/login = bde989e3-88bc-4f5b-8b43-820dc1b7f6ab
vk.com/settings = vk.com/fv = 5a217667-7923-4bb8-b6a2-257504138741
vk.com/settings = static.vk.com/restore = 460349aa-8b06-40f1-b585-fbacdfc9cae9
vk.com/settings = vk.com/join = 3a7020cc-0217-4ced-96df-5757a322a9c3
vk.com/settings = vk.com/settings = bde989e3-88bc-4f5b-8b43-820dc1b7f6ab
vk.com/settings = vk.com/join = 460349aa-8b06-40f1-b585-fbacdfc9cae9
vk.com/settings = vk.com/login = 3a7020cc-0217-4ced-96df-5757a322a9c3
vk.com/settings = vk.com/settings = bde989e3-88bc-4f5b-8b43-820dc1b7f6ab
vk.com/settings = vk.com/login = 460349aa-8b06-40f1-b585-fbacdfc9cae9
vk.com/settings = vk.com/settings = 3a7020cc-0217-4ced-96df-5757a322a9c3
vk.com/settings = vk.com/settings = bde989e3-88bc-4f5b-8b43-820dc1b7f6ab
vk.com/settings = vk.com/settings = 460349aa-8b06-40f1-b585-fbacdfc9cae9
vk.com/settings = vk.com/settings = 3a7020cc-0217-4ced-96df-5757a322a9c3
vk.com/settings = vk.com/fv = bde989e3-88bc-4f5b-8b43-820dc1b7f6ab
vk.com/settings = vk.com/settings = 460349aa-8b06-40f1-b585-fbacdfc9cae9
vk.com/settings = vk.com/settings = 3a7020cc-0217-4ced-96df-5757a322a9c3
vk.com/settings = vk.com/settings = 460349aa-8b06-40f1-b585-fbacdfc9cae9
vk.com/settings = vk.com/fv = 3a7020cc-0217-4ced-96df-5757a322a9c3
vk.com/settings = vk.com/fv = 460349aa-8b06-40f1-b585-fbacdfc9cae9
vk.com/settings = vk.com = b1e4a1a1-d6b4-4f45-a94d-03193a7ee21a
vk.com/settings = vk.me/ = b1e4a1a1-d6b4-4f45-a94d-03193a7ee21a
vk.com/settings = static.vk.com/restore = b1e4a1a1-d6b4-4f45-a94d-03193a7ee21a
vk.com/settings = vk.com/join = b1e4a1a1-d6b4-4f45-a94d-03193a7ee21a
vk.com/settings = vk.com/login = b1e4a1a1-d6b4-4f45-a94d-03193a7ee21a
vk.com/settings = vk.com/settings = b1e4a1a1-d6b4-4f45-a94d-03193a7ee21a
vk.com/settings = vk.com/settings = b1e4a1a1-d6b4-4f45-a94d-03193a7ee21a
vk.com/settings = vk.com/settings = b1e4a1a1-d6b4-4f45-a94d-03193a7ee21a
vk.com/settings = vk.com/fv = b1e4a1a1-d6b4-4f45-a94d-03193a7ee21a
vk.com/settings = vk.com = cbf69e7a-aa07-496d-b165-fe8e6a8f1e31
vk.com/settings = vk.me/ = cbf69e7a-aa07-496d-b165-fe8e6a8f1e31
vk.com/settings = static.vk.com/restore = cbf69e7a-aa07-496d-b165-fe8e6a8f1e31
vk.com/settings = vk.com = 71af8000-0e12-4590-b6e3-0606cf4ed887
vk.com/settings = vk.com = 46dae50c-74b8-4c10-9ccf-ec8de20c14d5
vk.com/settings = vk.com/join = cbf69e7a-aa07-496d-b165-fe8e6a8f1e31
vk.com/settings = vk.me/ = 71af8000-0e12-4590-b6e3-0606cf4ed887
vk.com/settings = vk.com = 3d0b60c6-9824-4910-b927-f2b5ab4599d2
vk.com/settings = vk.com = cfd4fe40-e53d-40d6-98f8-cc2f63764042
vk.com/settings = vk.com = 936d7707-e33e-468f-88b6-215bfa11b8d3
vk.com/settings = vk.me/ = 46dae50c-74b8-4c10-9ccf-ec8de20c14d5
vk.com/settings = vk.com = 129c765b-1b3e-484c-b4d8-d45471c9ca46
vk.com/settings = vk.com/login = cbf69e7a-aa07-496d-b165-fe8e6a8f1e31
vk.com/settings = static.vk.com/restore = 71af8000-0e12-4590-b6e3-0606cf4ed887
vk.com/settings = vk.com = 406521db-a7ff-43b8-9cbe-5914d49ce7c1
vk.com/settings = vk.me/ = 3d0b60c6-9824-4910-b927-f2b5ab4599d2
vk.com/settings = vk.com = 23a3d093-0864-4e3c-8c20-792b459fa037
vk.com/settings = vk.me/ = cfd4fe40-e53d-40d6-98f8-cc2f63764042
vk.com/settings = vk.com = 5cf3eb48-9fba-4276-877b-cd3042ff94f2
vk.com/settings = vk.me/ = 5cf3eb48-9fba-4276-877b-cd3042ff94f2
vk.com/settings = static.vk.com/restore = 46dae50c-74b8-4c10-9ccf-ec8de20c14d5
vk.com/settings = vk.com = b8a7ee54-4e60-47cc-a5a5-c5f84a11013e
vk.com/settings = vk.me/ = 129c765b-1b3e-484c-b4d8-d45471c9ca46
vk.com/settings = vk.com/settings = cbf69e7a-aa07-496d-b165-fe8e6a8f1e31
vk.com/settings = vk.com/join = 71af8000-0e12-4590-b6e3-0606cf4ed887
vk.com/settings = vk.me/ = 406521db-a7ff-43b8-9cbe-5914d49ce7c1
vk.com/settings = static.vk.com/restore = 3d0b60c6-9824-4910-b927-f2b5ab4599d2
vk.com/settings = vk.me/ = 23a3d093-0864-4e3c-8c20-792b459fa037
vk.com/settings = static.vk.com/restore = cfd4fe40-e53d-40d6-98f8-cc2f63764042
vk.com/settings = static.vk.com/restore = 5cf3eb48-9fba-4276-877b-cd3042ff94f2
vk.com/settings = vk.me/ = 936d7707-e33e-468f-88b6-215bfa11b8d3
vk.com/settings = vk.com/join = 46dae50c-74b8-4c10-9ccf-ec8de20c14d5
vk.com/settings = vk.me/ = b8a7ee54-4e60-47cc-a5a5-c5f84a11013e
vk.com/settings = static.vk.com/restore = 129c765b-1b3e-484c-b4d8-d45471c9ca46
vk.com/settings = vk.com/settings = cbf69e7a-aa07-496d-b165-fe8e6a8f1e31
vk.com/settings = vk.com/login = 71af8000-0e12-4590-b6e3-0606cf4ed887
vk.com/settings = static.vk.com/restore = 406521db-a7ff-43b8-9cbe-5914d49ce7c1
vk.com/settings = vk.com/join = 3d0b60c6-9824-4910-b927-f2b5ab4599d2
vk.com/settings = static.vk.com/restore = 23a3d093-0864-4e3c-8c20-792b459fa037
vk.com/settings = vk.com/join = cfd4fe40-e53d-40d6-98f8-cc2f63764042
vk.com/settings = vk.com/join = 5cf3eb48-9fba-4276-877b-cd3042ff94f2
vk.com/settings = static.vk.com/restore = 936d7707-e33e-468f-88b6-215bfa11b8d3
vk.com/settings = vk.com/login = 46dae50c-74b8-4c10-9ccf-ec8de20c14d5
vk.com/settings = static.vk.com/restore = b8a7ee54-4e60-47cc-a5a5-c5f84a11013e
vk.com/settings = vk.com/join = 129c765b-1b3e-484c-b4d8-d45471c9ca46
vk.com/settings = vk.com/settings = cbf69e7a-aa07-496d-b165-fe8e6a8f1e31
vk.com/settings = vk.com/settings = 71af8000-0e12-4590-b6e3-0606cf4ed887
vk.com/settings = vk.com/join = 406521db-a7ff-43b8-9cbe-5914d49ce7c1
vk.com/settings = vk.com/login = 3d0b60c6-9824-4910-b927-f2b5ab4599d2
vk.com/settings = vk.com/join = 23a3d093-0864-4e3c-8c20-792b459fa037
vk.com/settings = vk.com/login = cfd4fe40-e53d-40d6-98f8-cc2f63764042
vk.com/settings = vk.com/login = 5cf3eb48-9fba-4276-877b-cd3042ff94f2
vk.com/settings = vk.com/join = 936d7707-e33e-468f-88b6-215bfa11b8d3
vk.com/settings = vk.com/settings = 46dae50c-74b8-4c10-9ccf-ec8de20c14d5
vk.com/settings = vk.com/join = b8a7ee54-4e60-47cc-a5a5-c5f84a11013e
vk.com/settings = vk.com/login = 129c765b-1b3e-484c-b4d8-d45471c9ca46
vk.com/settings = vk.com/fv = cbf69e7a-aa07-496d-b165-fe8e6a8f1e31
vk.com/settings = vk.com/settings = 71af8000-0e12-4590-b6e3-0606cf4ed887
vk.com/settings = vk.com/login = 406521db-a7ff-43b8-9cbe-5914d49ce7c1
vk.com/settings = vk.com/settings = 3d0b60c6-9824-4910-b927-f2b5ab4599d2
vk.com/settings = vk.com/login = 23a3d093-0864-4e3c-8c20-792b459fa037
vk.com/settings = vk.com/settings = cfd4fe40-e53d-40d6-98f8-cc2f63764042
vk.com/settings = vk.com/settings = 5cf3eb48-9fba-4276-877b-cd3042ff94f2
vk.com/settings = vk.com/login = 936d7707-e33e-468f-88b6-215bfa11b8d3
vk.com/settings = vk.com/settings = 46dae50c-74b8-4c10-9ccf-ec8de20c14d5
vk.com/settings = vk.com/login = b8a7ee54-4e60-47cc-a5a5-c5f84a11013e
vk.com/settings = vk.com/settings = 129c765b-1b3e-484c-b4d8-d45471c9ca46
vk.com/settings = vk.com/settings = 71af8000-0e12-4590-b6e3-0606cf4ed887
vk.com/settings = vk.com/settings = 406521db-a7ff-43b8-9cbe-5914d49ce7c1
vk.com/settings = vk.com/settings = 3d0b60c6-9824-4910-b927-f2b5ab4599d2
vk.com/settings = vk.com/settings = 23a3d093-0864-4e3c-8c20-792b459fa037
vk.com/settings = vk.com/settings = cfd4fe40-e53d-40d6-98f8-cc2f63764042
vk.com/settings = vk.com/settings = 5cf3eb48-9fba-4276-877b-cd3042ff94f2
vk.com/settings = vk.com/settings = 936d7707-e33e-468f-88b6-215bfa11b8d3
vk.com/settings = vk.com/settings = 46dae50c-74b8-4c10-9ccf-ec8de20c14d5
vk.com/settings = vk.com/settings = b8a7ee54-4e60-47cc-a5a5-c5f84a11013e
vk.com/settings = vk.com/settings = 129c765b-1b3e-484c-b4d8-d45471c9ca46
vk.com/settings = vk.com/fv = 71af8000-0e12-4590-b6e3-0606cf4ed887
vk.com/settings = vk.com/settings = 406521db-a7ff-43b8-9cbe-5914d49ce7c1
vk.com/settings = vk.com/settings = 3d0b60c6-9824-4910-b927-f2b5ab4599d2
vk.com/settings = vk.com/settings = 23a3d093-0864-4e3c-8c20-792b459fa037
vk.com/settings = vk.com/settings = cfd4fe40-e53d-40d6-98f8-cc2f63764042
vk.com/settings = vk.com/settings = 5cf3eb48-9fba-4276-877b-cd3042ff94f2
vk.com/settings = vk.com/settings = 936d7707-e33e-468f-88b6-215bfa11b8d3
vk.com/settings = vk.com/fv = 46dae50c-74b8-4c10-9ccf-ec8de20c14d5
vk.com/settings = vk.com/settings = b8a7ee54-4e60-47cc-a5a5-c5f84a11013e
vk.com/settings = vk.com/settings = 129c765b-1b3e-484c-b4d8-d45471c9ca46
vk.com/settings = vk.com/settings = 406521db-a7ff-43b8-9cbe-5914d49ce7c1
vk.com/settings = vk.com/fv = 3d0b60c6-9824-4910-b927-f2b5ab4599d2
vk.com/settings = vk.com/settings = 23a3d093-0864-4e3c-8c20-792b459fa037
vk.com/settings = vk.com/fv = cfd4fe40-e53d-40d6-98f8-cc2f63764042
vk.com/settings = vk.com/fv = 5cf3eb48-9fba-4276-877b-cd3042ff94f2
vk.com/settings = vk.com/settings = 936d7707-e33e-468f-88b6-215bfa11b8d3
vk.com/settings = vk.com/settings = b8a7ee54-4e60-47cc-a5a5-c5f84a11013e
vk.com/settings = vk.com/fv = 129c765b-1b3e-484c-b4d8-d45471c9ca46
vk.com/settings = vk.com/fv = 406521db-a7ff-43b8-9cbe-5914d49ce7c1
vk.com/settings = vk.com/fv = 23a3d093-0864-4e3c-8c20-792b459fa037
vk.com/settings = vk.com/fv = 936d7707-e33e-468f-88b6-215bfa11b8d3
vk.com/settings = vk.com/fv = b8a7ee54-4e60-47cc-a5a5-c5f84a11013e
vk.com/login = vk.com = 24fa28cd-9afd-4687-b237-da12f915fbd1
vk.com/login = vk.me/ = 24fa28cd-9afd-4687-b237-da12f915fbd1
vk.com/login = static.vk.com/restore = 24fa28cd-9afd-4687-b237-da12f915fbd1
vk.com/login = vk.com/join = 24fa28cd-9afd-4687-b237-da12f915fbd1
vk.com/login = vk.com/login = 24fa28cd-9afd-4687-b237-da12f915fbd1
vk.com/login = vk.com/settings = 24fa28cd-9afd-4687-b237-da12f915fbd1
vk.com/login = vk.com/settings = 24fa28cd-9afd-4687-b237-da12f915fbd1
vk.com/login = vk.com/settings = 24fa28cd-9afd-4687-b237-da12f915fbd1
vk.com/login = vk.com/fv = 24fa28cd-9afd-4687-b237-da12f915fbd1
vk.com/settings = vk.com = 23a4034a-cbd6-488c-8bfa-49b71a17511e
vk.com/settings = vk.me/ = 23a4034a-cbd6-488c-8bfa-49b71a17511e
vk.com/settings = static.vk.com/restore = 23a4034a-cbd6-488c-8bfa-49b71a17511e
vk.com/settings = vk.com/join = 23a4034a-cbd6-488c-8bfa-49b71a17511e
vk.com/settings = vk.com/login = 23a4034a-cbd6-488c-8bfa-49b71a17511e
vk.com/settings = vk.com/settings = 23a4034a-cbd6-488c-8bfa-49b71a17511e
vk.com/settings = vk.com/settings = 23a4034a-cbd6-488c-8bfa-49b71a17511e
vk.com/settings = vk.com/settings = 23a4034a-cbd6-488c-8bfa-49b71a17511e
vk.com/settings = vk.com/fv = 23a4034a-cbd6-488c-8bfa-49b71a17511e
vk.com/settings = vk.com = bc82ba1e-d324-4318-816c-46ab17583ddc
vk.com/settings = vk.me/ = bc82ba1e-d324-4318-816c-46ab17583ddc
vk.com/settings = static.vk.com/restore = bc82ba1e-d324-4318-816c-46ab17583ddc
vk.com/settings = vk.com/join = bc82ba1e-d324-4318-816c-46ab17583ddc
vk.com/settings = vk.com/login = bc82ba1e-d324-4318-816c-46ab17583ddc
vk.com/settings = vk.com/settings = bc82ba1e-d324-4318-816c-46ab17583ddc
vk.com/settings = vk.com/settings = bc82ba1e-d324-4318-816c-46ab17583ddc
vk.com/settings = vk.com = f3716a96-3647-454c-9add-86e861f6a78d
vk.com/settings = vk.com/settings = bc82ba1e-d324-4318-816c-46ab17583ddc
vk.com/settings = vk.me/ = f3716a96-3647-454c-9add-86e861f6a78d
vk.com/settings = vk.com/fv = bc82ba1e-d324-4318-816c-46ab17583ddc
vk.com/settings = static.vk.com/restore = f3716a96-3647-454c-9add-86e861f6a78d
vk.com/settings = vk.com/join = f3716a96-3647-454c-9add-86e861f6a78d
vk.com/settings = vk.com/login = f3716a96-3647-454c-9add-86e861f6a78d
vk.com/settings = vk.com/settings = f3716a96-3647-454c-9add-86e861f6a78d
vk.com/settings = vk.com/settings = f3716a96-3647-454c-9add-86e861f6a78d
vk.com/settings = vk.com/settings = f3716a96-3647-454c-9add-86e861f6a78d
vk.com/settings = vk.com/fv = f3716a96-3647-454c-9add-86e861f6a78d
vk.com/settings = vk.com = f8b7bd4f-d85a-4495-9f2f-212babe549c9
vk.com/settings = vk.me/ = f8b7bd4f-d85a-4495-9f2f-212babe549c9
vk.com/settings = static.vk.com/restore = f8b7bd4f-d85a-4495-9f2f-212babe549c9
vk.com/settings = vk.com/join = f8b7bd4f-d85a-4495-9f2f-212babe549c9
vk.com/settings = vk.com/login = f8b7bd4f-d85a-4495-9f2f-212babe549c9
vk.com/settings = vk.com/settings = f8b7bd4f-d85a-4495-9f2f-212babe549c9
vk.com/settings = vk.com/settings = f8b7bd4f-d85a-4495-9f2f-212babe549c9
vk.com/settings = vk.com/settings = f8b7bd4f-d85a-4495-9f2f-212babe549c9
vk.com/settings = vk.com/fv = f8b7bd4f-d85a-4495-9f2f-212babe549c9
vk.com/settings = vk.com = 6f05aeb6-a193-46a6-94b3-20d6bc46398e
vk.com/settings = vk.me/ = 6f05aeb6-a193-46a6-94b3-20d6bc46398e
vk.com/settings = static.vk.com/restore = 6f05aeb6-a193-46a6-94b3-20d6bc46398e
vk.com/settings = vk.com/join = 6f05aeb6-a193-46a6-94b3-20d6bc46398e
vk.com/settings = vk.com/login = 6f05aeb6-a193-46a6-94b3-20d6bc46398e
vk.com/settings = vk.com/settings = 6f05aeb6-a193-46a6-94b3-20d6bc46398e
vk.com/settings = vk.com/settings = 6f05aeb6-a193-46a6-94b3-20d6bc46398e
vk.com/settings = vk.com/settings = 6f05aeb6-a193-46a6-94b3-20d6bc46398e
vk.com/settings = vk.com/fv = 6f05aeb6-a193-46a6-94b3-20d6bc46398e
vk.com/settings = vk.com = fef7cbc2-95d6-4986-9a59-a2b6e2fcf01a
vk.com/settings = vk.me/ = fef7cbc2-95d6-4986-9a59-a2b6e2fcf01a
vk.com/settings = static.vk.com/restore = fef7cbc2-95d6-4986-9a59-a2b6e2fcf01a
vk.com/settings = vk.com/join = fef7cbc2-95d6-4986-9a59-a2b6e2fcf01a
vk.com/settings = vk.com/login = fef7cbc2-95d6-4986-9a59-a2b6e2fcf01a
vk.com/settings = vk.com/settings = fef7cbc2-95d6-4986-9a59-a2b6e2fcf01a
vk.com/settings = vk.com/settings = fef7cbc2-95d6-4986-9a59-a2b6e2fcf01a
vk.com/settings = vk.com/settings = fef7cbc2-95d6-4986-9a59-a2b6e2fcf01a
vk.com/settings = vk.com/fv = fef7cbc2-95d6-4986-9a59-a2b6e2fcf01a
vk.com/settings = vk.com = af8457f2-70ad-4b40-afc4-8a9cd3b93d70
vk.com/settings = vk.me/ = af8457f2-70ad-4b40-afc4-8a9cd3b93d70
vk.com/settings = static.vk.com/restore = af8457f2-70ad-4b40-afc4-8a9cd3b93d70
vk.com/settings = vk.com/join = af8457f2-70ad-4b40-afc4-8a9cd3b93d70
vk.com/settings = vk.com/login = af8457f2-70ad-4b40-afc4-8a9cd3b93d70
vk.com/settings = vk.com/settings = af8457f2-70ad-4b40-afc4-8a9cd3b93d70
vk.com/settings = vk.com/settings = af8457f2-70ad-4b40-afc4-8a9cd3b93d70
vk.com/settings = vk.com/settings = af8457f2-70ad-4b40-afc4-8a9cd3b93d70
vk.com/settings = vk.com/fv = af8457f2-70ad-4b40-afc4-8a9cd3b93d70
vk.com/settings = vk.com = 9c11cc63-113b-4271-b6e2-f410e162ce4e
vk.com/settings = vk.me/ = 9c11cc63-113b-4271-b6e2-f410e162ce4e
vk.com/settings = static.vk.com/restore = 9c11cc63-113b-4271-b6e2-f410e162ce4e
vk.com/settings = vk.com/join = 9c11cc63-113b-4271-b6e2-f410e162ce4e
vk.com/settings = vk.com/login = 9c11cc63-113b-4271-b6e2-f410e162ce4e
vk.com/settings = vk.com/settings = 9c11cc63-113b-4271-b6e2-f410e162ce4e
vk.com/settings = vk.com/settings = 9c11cc63-113b-4271-b6e2-f410e162ce4e
vk.com/settings = vk.com/settings = 9c11cc63-113b-4271-b6e2-f410e162ce4e
vk.com/settings = vk.com/fv = 9c11cc63-113b-4271-b6e2-f410e162ce4e
vk.com/settings = vk.com = a85f0360-f4b5-4157-9f8d-47eb9c1fffda
vk.com/settings = vk.me/ = a85f0360-f4b5-4157-9f8d-47eb9c1fffda
vk.com/settings = static.vk.com/restore = a85f0360-f4b5-4157-9f8d-47eb9c1fffda
vk.com/settings = vk.com/join = a85f0360-f4b5-4157-9f8d-47eb9c1fffda
vk.com/settings = vk.com/login = a85f0360-f4b5-4157-9f8d-47eb9c1fffda
vk.com/settings = vk.com/settings = a85f0360-f4b5-4157-9f8d-47eb9c1fffda
vk.com/settings = vk.com/settings = a85f0360-f4b5-4157-9f8d-47eb9c1fffda
vk.com/settings = vk.com/settings = a85f0360-f4b5-4157-9f8d-47eb9c1fffda
vk.com/settings = vk.com/fv = a85f0360-f4b5-4157-9f8d-47eb9c1fffda
