www.vk.com = www.vk.com = 13980ec2-8494-424e-8fe8-adbfaed98339
www.vk.com = vk.me/?act=dl = 13980ec2-8494-424e-8fe8-adbfaed98339
www.vk.com = static.vk.com/restore = 13980ec2-8494-424e-8fe8-adbfaed98339
www.vk.com = www.vk.com/join = 13980ec2-8494-424e-8fe8-adbfaed98339
www.vk.com = www.vk.com/login?act=fb_sign = 13980ec2-8494-424e-8fe8-adbfaed98339
www.vk.com = www.vk.com/settings?act=change_regional&hash=a4ec49de0a1970c5cc&lang_id=1 = 13980ec2-8494-424e-8fe8-adbfaed98339
www.vk.com = www.vk.com/settings?act=change_regional&hash=a4ec49de0a1970c5cc&lang_id=3 = 13980ec2-8494-424e-8fe8-adbfaed98339
www.vk.com = www.vk.com/settings?act=select_lang = 13980ec2-8494-424e-8fe8-adbfaed98339
www.vk.com = www.vk.com/fv?to=%2F%3F_fm%3D1%26_fm2%3D1 = 13980ec2-8494-424e-8fe8-adbfaed98339
www.vk.com/fv?to=%2F%3F_fm%3D1%26_fm2%3D1 = vk.com = b8528b05-6089-48bf-9c76-6a79b6bc8973
www.vk.com/join = www.vk.com/login = 5ba25a51-d24a-48f6-b017-680fd3a01823
www.vk.com/join = connect.vk.com/promo = 5ba25a51-d24a-48f6-b017-680fd3a01823
www.vk.com/join = www.vk.com/login = 5ba25a51-d24a-48f6-b017-680fd3a01823
www.vk.com/join = www.vk.com/settings?act=change_regional&from=9a006fdam9pbg--&hash=a4ec49de0a1970c5cc&lang_id=1 = 5ba25a51-d24a-48f6-b017-680fd3a01823
www.vk.com/join = www.vk.com/settings?act=change_regional&from=9a006fdam9pbg--&hash=a4ec49de0a1970c5cc&lang_id=3 = 5ba25a51-d24a-48f6-b017-680fd3a01823
www.vk.com/join = www.vk.com/settings?act=select_lang&from=9a006fdam9pbg-- = 5ba25a51-d24a-48f6-b017-680fd3a01823
www.vk.com/login?act=fb_sign = www.vk.com = 621758ce-1eef-4ff2-80ad-b46fb970c69d
www.vk.com/login?act=fb_sign = vk.me/?act=dl = 621758ce-1eef-4ff2-80ad-b46fb970c69d
www.vk.com/login?act=fb_sign = static.vk.com/restore = 621758ce-1eef-4ff2-80ad-b46fb970c69d
www.vk.com/login?act=fb_sign = www.vk.com/join = 621758ce-1eef-4ff2-80ad-b46fb970c69d
www.vk.com/login?act=fb_sign = www.vk.com/login?act=fb_sign = 621758ce-1eef-4ff2-80ad-b46fb970c69d
www.vk.com/fv?to=%2F%3F_fm%3D1%26_fm2%3D1 = vk.com = e61f75b8-6e4e-402a-93df-01768c86aea2
www.vk.com/login?act=fb_sign = www.vk.com/settings?act=change_regional&hash=a4ec49de0a1970c5cc&lang_id=1 = 621758ce-1eef-4ff2-80ad-b46fb970c69d
www.vk.com/login?act=fb_sign = www.vk.com/settings?act=change_regional&hash=a4ec49de0a1970c5cc&lang_id=3 = 621758ce-1eef-4ff2-80ad-b46fb970c69d
www.vk.com/login?act=fb_sign = www.vk.com/settings?act=select_lang = 621758ce-1eef-4ff2-80ad-b46fb970c69d
www.vk.com/login?act=fb_sign = www.vk.com/fv?to=%2F%3F_fm%3D1%26_fm2%3D1 = 621758ce-1eef-4ff2-80ad-b46fb970c69d
vk.com = www.vk.com = d54cc60d-db6b-4fcb-bcec-d69ca1752ef7
vk.com = vk.me/?act=dl = d54cc60d-db6b-4fcb-bcec-d69ca1752ef7
vk.com = www.vk.com = 1512fc10-feeb-4271-b2e1-a84ba7ee9eea
connect.vk.com/promo = vk.com/team = 9a635a1d-232b-4e55-8340-6d4b201216e3
connect.vk.com/promo = vk.com/team = d9193b4e-1c04-466b-8512-45beae8a8afb
vk.com = static.vk.com/restore = d54cc60d-db6b-4fcb-bcec-d69ca1752ef7
vk.com = vk.me/?act=dl = 1512fc10-feeb-4271-b2e1-a84ba7ee9eea
www.vk.com/login?act=fb_sign = www.vk.com = b753685c-3ffd-45cb-8009-ced0cc3b5f16
www.vk.com = www.vk.com = e8ea7a4d-929b-482f-8976-88f80ac40927
connect.vk.com/promo = www.vk.com/terms = 9a635a1d-232b-4e55-8340-6d4b201216e3
connect.vk.com/promo = www.vk.com/terms = d9193b4e-1c04-466b-8512-45beae8a8afb
vk.com = static.vk.com/restore = 1512fc10-feeb-4271-b2e1-a84ba7ee9eea
vk.com = www.vk.com/join = d54cc60d-db6b-4fcb-bcec-d69ca1752ef7
www.vk.com/login?act=fb_sign = vk.me/?act=dl = b753685c-3ffd-45cb-8009-ced0cc3b5f16
www.vk.com = vk.me/?act=dl = e8ea7a4d-929b-482f-8976-88f80ac40927
connect.vk.com/promo = www.vk.com/privacy = d9193b4e-1c04-466b-8512-45beae8a8afb
connect.vk.com/promo = www.vk.com/privacy = 9a635a1d-232b-4e55-8340-6d4b201216e3
vk.com = www.vk.com/join = 1512fc10-feeb-4271-b2e1-a84ba7ee9eea
vk.com = www.vk.com/login?act=fb_sign = d54cc60d-db6b-4fcb-bcec-d69ca1752ef7
www.vk.com/login?act=fb_sign = static.vk.com/restore = b753685c-3ffd-45cb-8009-ced0cc3b5f16
www.vk.com = static.vk.com/restore = e8ea7a4d-929b-482f-8976-88f80ac40927
connect.vk.com/promo = vk.com/support?act=faqs&c=34 = d9193b4e-1c04-466b-8512-45beae8a8afb
connect.vk.com/promo = vk.com/support?act=faqs&c=34 = 9a635a1d-232b-4e55-8340-6d4b201216e3
vk.com = www.vk.com/login?act=fb_sign = 1512fc10-feeb-4271-b2e1-a84ba7ee9eea
vk.com = www.vk.com/settings?act=change_regional&hash=a4ec49de0a1970c5cc&lang_id=1 = d54cc60d-db6b-4fcb-bcec-d69ca1752ef7
www.vk.com/login?act=fb_sign = www.vk.com/join = b753685c-3ffd-45cb-8009-ced0cc3b5f16
www.vk.com = www.vk.com/join = e8ea7a4d-929b-482f-8976-88f80ac40927
vk.com = www.vk.com/settings?act=change_regional&hash=a4ec49de0a1970c5cc&lang_id=1 = 1512fc10-feeb-4271-b2e1-a84ba7ee9eea
vk.com = www.vk.com/settings?act=change_regional&hash=a4ec49de0a1970c5cc&lang_id=3 = d54cc60d-db6b-4fcb-bcec-d69ca1752ef7
www.vk.com/login?act=fb_sign = www.vk.com/login?act=fb_sign = b753685c-3ffd-45cb-8009-ced0cc3b5f16
www.vk.com = www.vk.com/login?act=fb_sign = e8ea7a4d-929b-482f-8976-88f80ac40927
vk.com = www.vk.com/settings?act=change_regional&hash=a4ec49de0a1970c5cc&lang_id=3 = 1512fc10-feeb-4271-b2e1-a84ba7ee9eea
vk.com = www.vk.com/settings?act=select_lang = d54cc60d-db6b-4fcb-bcec-d69ca1752ef7
www.vk.com = www.vk.com/settings?act=change_regional&hash=a4ec49de0a1970c5cc&lang_id=1 = e8ea7a4d-929b-482f-8976-88f80ac40927
www.vk.com/login?act=fb_sign = www.vk.com/settings?act=change_regional&hash=a4ec49de0a1970c5cc&lang_id=1 = b753685c-3ffd-45cb-8009-ced0cc3b5f16
vk.com = www.vk.com/settings?act=select_lang = 1512fc10-feeb-4271-b2e1-a84ba7ee9eea
vk.com = www.vk.com/fv?to=%2F%3F_fm%3D1%26_fm2%3D1 = d54cc60d-db6b-4fcb-bcec-d69ca1752ef7
www.vk.com = www.vk.com/settings?act=change_regional&hash=a4ec49de0a1970c5cc&lang_id=3 = e8ea7a4d-929b-482f-8976-88f80ac40927
www.vk.com/login?act=fb_sign = www.vk.com/settings?act=change_regional&hash=a4ec49de0a1970c5cc&lang_id=3 = b753685c-3ffd-45cb-8009-ced0cc3b5f16
vk.com = www.vk.com/fv?to=%2F%3F_fm%3D1%26_fm2%3D1 = 1512fc10-feeb-4271-b2e1-a84ba7ee9eea
www.vk.com/login?act=fb_sign = www.vk.com/settings?act=select_lang = b753685c-3ffd-45cb-8009-ced0cc3b5f16
www.vk.com = www.vk.com/settings?act=select_lang = e8ea7a4d-929b-482f-8976-88f80ac40927
www.vk.com/login?act=fb_sign = www.vk.com/fv?to=%2F%3F_fm%3D1%26_fm2%3D1 = b753685c-3ffd-45cb-8009-ced0cc3b5f16
www.vk.com = www.vk.com/fv?to=%2F%3F_fm%3D1%26_fm2%3D1 = e8ea7a4d-929b-482f-8976-88f80ac40927
connect.vk.com/promo = vk.com/team = 95b516ba-3b8d-48c1-96d0-cd27630da559
connect.vk.com/promo = www.vk.com/terms = 95b516ba-3b8d-48c1-96d0-cd27630da559
connect.vk.com/promo = www.vk.com/privacy = 95b516ba-3b8d-48c1-96d0-cd27630da559
connect.vk.com/promo = vk.com/support?act=faqs&c=34 = 95b516ba-3b8d-48c1-96d0-cd27630da559
connect.vk.com/promo = vk.com/team = 6e5492cb-4261-4fca-848b-e70f2403ff6a
connect.vk.com/promo = www.vk.com/terms = 6e5492cb-4261-4fca-848b-e70f2403ff6a
www.vk.com/login?act=fb_sign = www.vk.com = 4da516dd-440c-4572-88b3-e4cc32a50180
www.vk.com/login?act=fb_sign = vk.me/?act=dl = 4da516dd-440c-4572-88b3-e4cc32a50180
connect.vk.com/promo = vk.com/team = d9a10168-31dd-4c5f-b720-c3ac87828f13
connect.vk.com/promo = vk.com/team = 7205afd6-a547-47ec-a9ef-31759da0b22f
connect.vk.com/promo = www.vk.com/privacy = 6e5492cb-4261-4fca-848b-e70f2403ff6a
vk.com = www.vk.com = 812f00a5-e403-43b2-befc-f3c6e19e49e9
www.vk.com/login?act=fb_sign = static.vk.com/restore = 4da516dd-440c-4572-88b3-e4cc32a50180
www.vk.com/join = www.vk.com/login = d5c91506-3e63-4f7f-ba91-7e480006d623
connect.vk.com/promo = www.vk.com/terms = 7205afd6-a547-47ec-a9ef-31759da0b22f
connect.vk.com/promo = www.vk.com/terms = d9a10168-31dd-4c5f-b720-c3ac87828f13
www.vk.com/fv?to=%2F%3F_fm%3D1%26_fm2%3D1 = vk.com = a7a9f8ac-1e97-4e06-a471-c860a75285ec
www.vk.com/fv?to=%2F%3F_fm%3D1%26_fm2%3D1 = vk.com = 95558651-dd21-453a-8212-632728d2f6f7
www.vk.com/settings?act=change_regional&hash=a4ec49de0a1970c5cc&lang_id=3 = www.vk.com = 020aca62-b0b8-4fd6-a4bf-74abd4c37603
connect.vk.com/promo = vk.com/support?act=faqs&c=34 = 6e5492cb-4261-4fca-848b-e70f2403ff6a
vk.com = vk.me/?act=dl = 812f00a5-e403-43b2-befc-f3c6e19e49e9
www.vk.com/login?act=fb_sign = www.vk.com/join = 4da516dd-440c-4572-88b3-e4cc32a50180
www.vk.com/login?act=fb_sign = www.vk.com = 660ad996-fb5b-4161-bae0-93b5d69cf218
connect.vk.com/promo = vk.com/team = f47d4fb2-44fb-4ce1-96ea-eb06f699c783
www.vk.com/join = connect.vk.com/promo = d5c91506-3e63-4f7f-ba91-7e480006d623
www.vk.com/fv?to=%2F%3F_fm%3D1%26_fm2%3D1 = vk.com = 34b9d476-d09b-4bc8-89a6-854699517336
www.vk.com/join = www.vk.com/login = 1ae9f83e-af4d-4927-b05a-123b2196c71e
connect.vk.com/promo = vk.com/team = f435d817-a55e-4bf2-8e14-b6a3837149d1
vk.com = www.vk.com = 2500e613-886c-456e-a97d-2c42464716d2
connect.vk.com/promo = www.vk.com/privacy = 7205afd6-a547-47ec-a9ef-31759da0b22f
www.vk.com = www.vk.com = 4b955a15-7faa-41ee-b1bb-3b696b30a29b
connect.vk.com/promo = www.vk.com/privacy = d9a10168-31dd-4c5f-b720-c3ac87828f13
www.vk.com/settings?act=change_regional&hash=a4ec49de0a1970c5cc&lang_id=1 = www.vk.com = 80323915-e7f3-4885-99ac-72e978b49d81
vk.com = www.vk.com = e3d29fc0-e7a8-49b2-a3d4-87612c429e92
connect.vk.com/promo = vk.com/team = e38842ce-0ff6-4c90-9a19-70fdf7118466
www.vk.com/settings?act=change_regional&hash=a4ec49de0a1970c5cc&lang_id=3 = vk.me/?act=dl = 020aca62-b0b8-4fd6-a4bf-74abd4c37603
www.vk.com/settings?act=change_regional&hash=a4ec49de0a1970c5cc&lang_id=3 = static.vk.com/restore = 020aca62-b0b8-4fd6-a4bf-74abd4c37603
www.vk.com/fv?to=%2F%3F_fm%3D1%26_fm2%3D1 = vk.com = e60dda9f-8733-4e45-8fc2-577f7dd9b5d6
connect.vk.com/promo = vk.com/team = e18c4e58-c58d-4a2f-bae5-c20842c4ad6f
vk.com = www.vk.com = 4097afb4-1547-4d4c-9d1a-b40f8ce04d2b
www.vk.com/fv?to=%2F%3F_fm%3D1%26_fm2%3D1 = vk.com = b4075192-1813-4111-bc2f-cfad00d87e32
www.vk.com/fv?to=%2F%3F_fm%3D1%26_fm2%3D1 = vk.com = b4915af5-8e32-4467-a3e8-100dfc442107
vk.com = www.vk.com = 8e84dad0-3c5c-4a9c-bae8-6fab5b916c64
vk.com = www.vk.com = f1e536fd-80bd-43be-8038-bc9e6ee6845d
www.vk.com/fv?to=%2F%3F_fm%3D1%26_fm2%3D1 = vk.com = 25e58fd3-6ee6-468c-898d-9022e18eeb0c
www.vk.com/fv?to=%2F%3F_fm%3D1%26_fm2%3D1 = vk.com = 6e100f31-c6a1-425b-983f-90db32aa155b
vk.com = www.vk.com = 8e7a9a81-06e0-47e6-909e-0a2ed51f293d
www.vk.com/login?act=fb_sign = vk.me/?act=dl = 660ad996-fb5b-4161-bae0-93b5d69cf218
www.vk.com/login?act=fb_sign = www.vk.com/login?act=fb_sign = 4da516dd-440c-4572-88b3-e4cc32a50180
connect.vk.com/promo = www.vk.com/terms = f47d4fb2-44fb-4ce1-96ea-eb06f699c783
www.vk.com/fv?to=%2F%3F_fm%3D1%26_fm2%3D1 = vk.com = 1c62fa0d-f9df-474c-8069-25a27ac5cee5
vk.com = static.vk.com/restore = 812f00a5-e403-43b2-befc-f3c6e19e49e9
www.vk.com/fv?to=%2F%3F_fm%3D1%26_fm2%3D1 = vk.com = 0e188c4b-53b9-4d64-8245-0aca5e983d5a
www.vk.com/join = www.vk.com/login = d5c91506-3e63-4f7f-ba91-7e480006d623
vk.com = www.vk.com = ba0b03cc-4816-42b8-a987-d9270b52d967
vk.com = www.vk.com = acfbce64-fa10-4f35-ba57-c54740fc50bf
www.vk.com/fv?to=%2F%3F_fm%3D1%26_fm2%3D1 = vk.com = 64a0dc64-495d-41c0-ad52-bc23168adc8b
www.vk.com/login = www.vk.com = 831c2808-19b6-4e7e-b899-3ea0546e8dd1
www.vk.com/fv?to=%2F%3F_fm%3D1%26_fm2%3D1 = vk.com = 7340673d-285f-4998-bbc1-6c8d6303c693
www.vk.com/join = connect.vk.com/promo = 1ae9f83e-af4d-4927-b05a-123b2196c71e
www.vk.com/fv?to=%2F%3F_fm%3D1%26_fm2%3D1 = vk.com = 392059d8-0f5d-4906-877d-9bb8fa84a8b1
connect.vk.com/promo = www.vk.com/terms = f435d817-a55e-4bf2-8e14-b6a3837149d1
www.vk.com/login = www.vk.com = aa8a15b1-24cb-437b-bc7a-541948c35640
www.vk.com/join = www.vk.com/login = e6770565-9e37-4f6d-8737-2b3ab25b6163
vk.com = vk.me/?act=dl = 2500e613-886c-456e-a97d-2c42464716d2
www.vk.com/login = www.vk.com = 5be1e2f1-8d1f-46ac-8cf0-51c57b6e6c0f
www.vk.com = www.vk.com = 8217ba98-8298-4367-ae46-0ce97acc3a69
www.vk.com = www.vk.com = 2738e300-6db1-4791-a620-303d7a417ec1
www.vk.com/fv?to=%2F%3F_fm%3D1%26_fm2%3D1 = vk.com = a5e960e2-6c2e-4302-8a7e-ba33eed8f7ec
www.vk.com/fv?to=%2F%3F_fm%3D1%26_fm2%3D1 = vk.com = e429fe94-ad84-44ea-a6a2-54c04c2c46d7
connect.vk.com/promo = vk.com/team = 68c96c34-b839-480b-a52d-408c509c574e
connect.vk.com/promo = vk.com/team = 8d1bdd4c-c68d-453c-9464-8bd65ee1c477
vk.com = www.vk.com = ed4fff43-6d26-443a-bda4-ef28e3112c9c
www.vk.com/login?act=fb_sign = www.vk.com = 6161a95d-649f-4ee4-a78c-2a7f59b9f87a
www.vk.com/login = www.vk.com = b4ad0c5b-9abd-4fff-80cd-0af7fa765aaf
vk.com = www.vk.com = 2f47f256-78ee-4620-90f9-0a51c79498b0
www.vk.com = www.vk.com = 9b5d4588-f73b-44a2-bf2c-d9ae124adc5f
www.vk.com/login?act=fb_sign = www.vk.com = e4b9b41c-f549-4658-991f-5c636a855710
connect.vk.com/promo = vk.com/team = b358699e-74fc-4c6d-a5e2-fc0636ae82a3
www.vk.com/join = www.vk.com/login = a34f3f0e-0d9e-4c09-a494-d26ae0e4c238
www.vk.com = vk.me/?act=dl = 4b955a15-7faa-41ee-b1bb-3b696b30a29b
www.vk.com/join = www.vk.com/login = 0de73dea-ab43-4c20-8633-966df46b7b44
www.vk.com/login?act=fb_sign = www.vk.com = ebfcbc78-5341-4bbf-b5ec-48f58de18bf2
connect.vk.com/promo = vk.com/support?act=faqs&c=34 = 7205afd6-a547-47ec-a9ef-31759da0b22f
www.vk.com/settings?act=change_regional&hash=a4ec49de0a1970c5cc&lang_id=1 = vk.me/?act=dl = 80323915-e7f3-4885-99ac-72e978b49d81
vk.com = vk.me/?act=dl = e3d29fc0-e7a8-49b2-a3d4-87612c429e92
vk.com = www.vk.com = eb8e33f5-b70d-4b0e-8867-0c9190d929e4
vk.com/support?act=faqs&c=34 = www.vk.com/badbrowser.php?source=old_browser_alert = fbe5d4b4-38ec-4f59-8556-e2cc2957f442
www.vk.com/join = www.vk.com/login = 72bf3583-ad64-41b7-aaca-547f40cb3e73
www.vk.com/join = www.vk.com/login = 31a079d2-704e-40b0-bdb7-d9c7fce7f12e
www.vk.com/settings?act=change_regional&hash=a4ec49de0a1970c5cc&lang_id=3 = www.vk.com/join?to=aHR0cDovL3ZrLmNvbS8- = 020aca62-b0b8-4fd6-a4bf-74abd4c37603
connect.vk.com/promo = vk.com/support?act=faqs&c=34 = d9a10168-31dd-4c5f-b720-c3ac87828f13
vk.com = www.vk.com = 3b1af4d0-8a1b-440c-8c7d-b35ee8eafb57
www.vk.com/join = www.vk.com/login = ebec8747-9e15-4e24-8c27-f42b9a52840a
www.vk.com/join = www.vk.com/login = 0556f92c-db86-4ef3-a9f3-4aa88662bfce
www.vk.com/fv?to=%2F%3F_fm%3D1%26_fm2%3D1 = vk.com = 6c10a15b-a4ed-4dd0-8969-75b4b6ed9d07
www.vk.com/join = www.vk.com/login = 89bc92ae-a99f-4d38-9da8-1d689db54e96
www.vk.com/login = www.vk.com = 7fba5bd1-c8a4-481b-bc08-beeb6dbd4ee6
connect.vk.com/promo = vk.com/team = 025c71aa-89bf-477a-b4e6-13eef0423529
connect.vk.com/promo = www.vk.com/terms = e38842ce-0ff6-4c90-9a19-70fdf7118466
connect.vk.com/promo = www.vk.com/terms = e18c4e58-c58d-4a2f-bae5-c20842c4ad6f
www.vk.com/login = www.vk.com = 280de252-63fc-4ba5-82a2-33dc190bfef6
www.vk.com/fv?to=%2F%3F_fm%3D1%26_fm2%3D1 = vk.com = 240bb31f-dc9c-4497-8a0b-049d4c0af4a2
connect.vk.com/promo = vk.com/team = e22b582e-82ad-4075-836b-e0dfabb01a5e
vk.com = www.vk.com = e3dc6252-7004-4f5f-8bc6-8aba75fa62ab
www.vk.com/login?act=fb_sign = www.vk.com = 5e45e977-5c7a-49a1-a09e-8e731a22683b
www.vk.com/fv?to=%2F%3F_fm%3D1%26_fm2%3D1 = vk.com = 4562b31a-c755-416c-80d5-7838b61caaf6
vk.com = www.vk.com = 4bf2c739-9c75-415f-a961-b859ad66c27a
www.vk.com = www.vk.com = 65a58013-ce7a-4500-a6ad-f1d337b9a4f9
www.vk.com/join = www.vk.com/login = 67bac97f-954a-40c8-aac8-d273f3b898f1
www.vk.com/login?act=fb_sign = www.vk.com = 56dafb65-8a9d-4afb-a53d-b6f1a2c49bef
www.vk.com/fv?to=%2F%3F_fm%3D1%26_fm2%3D1 = vk.com = c7f9271a-d7b8-4b49-8c8e-ad632d2dbf60
www.vk.com/login?act=fb_sign = www.vk.com = b9358acc-a7d2-436c-9cd9-608cbad4e5cc
www.vk.com/login?act=fb_sign = www.vk.com = 5fc3fc3f-726c-43a9-ae3f-7f5c5cd2a323
