www.vk.com = 8
static.vk.com/restore = 8
www.vk.com/fv?to=%2F%3F_fm%3D1%26_fm2%3D1 = 8
vk.me/?act=dl = 9
static.vk.com/restore = 9
vk.me/?act=dl = 15
www.vk.com/join = 14
static.vk.com/restore = 24
www.vk.com/fv?to=%2F%3F_fm%3D1%26_fm2%3D1 = 22
www.vk.com/login?act=fb_sign = 20
vk.me/?act=dl = 24
connect.vk.com/promo = 0
connect.vk.com/promo = 0
static.vk.com/restore = 0
static.vk.com/restore = 0
vk.me/?act=dl = 0
vk.me/?act=dl = 0
static.vk.com/restore = 0
static.vk.com/restore = 0
www.vk.com/fv?to=%2F%3F_fm%3D1%26_fm2%3D1 = 0
static.vk.com/restore = 0
static.vk.com/restore = 0
static.vk.com/restore = 0
static.vk.com/restore = 0
static.vk.com/restore = 0
vk.me/?act=dl = 0
static.vk.com/restore = 0
vk.me/?act=dl = 0
vk.me/?act=dl = 0
static.vk.com/restore = 0
vk.me/?act=dl = 0
static.vk.com/restore = 0
vk.me/?act=dl = 0
vk.me/?act=dl = 0
vk.me/?act=dl = 0
www.vk.com/fv?to=%2F%3F_fm%3D1%26_fm2%3D1 = 0
vk.me/?act=dl = 0
static.vk.com/restore = 0
static.vk.com/restore = 0
static.vk.com/restore = 0
vk.me/?act=dl = 0
vk.me/?act=dl = 0
static.vk.com/restore = 0
vk.me/?act=dl = 0
static.vk.com/restore = 0
static.vk.com/restore = 0
vk.me/?act=dl = 0
vk.me/?act=dl = 0
static.vk.com/restore = 0
static.vk.com/restore = 0
static.vk.com/restore = 0
static.vk.com/restore = 0
www.vk.com/fv?to=%2F%3F_fm%3D1%26_fm2%3D1 = 0
static.vk.com/restore = 0
vk.me/?act=dl = 0
static.vk.com/restore = 0
static.vk.com/restore = 0
vk.me/?act=dl = 0
vk.me/?act=dl = 0
vk.me/?act=dl = 0
static.vk.com/restore = 0
www.vk.com/fv?to=%2F%3F_fm%3D1%26_fm2%3D1 = 0
vk.me/?act=dl = 0
vk.me/?act=dl = 0
static.vk.com/restore = 0
static.vk.com/restore = 0
vk.me/?act=dl = 0
static.vk.com/restore = 0
vk.me/?act=dl = 0
vk.me/?act=dl = 0
vk.me/?act=dl = 0
vk.me/?act=dl = 0
www.vk.com/fv?to=%2F%3F_fm%3D1%26_fm2%3D1 = 0
vk.me/?act=dl = 0
vk.me/?act=dl = 0
static.vk.com/restore = 0
static.vk.com/restore = 0
vk.me/?act=dl = 0
static.vk.com/restore = 0
vk.me/?act=dl = 0
static.vk.com/restore = 0
vk.me/?act=dl = 0
www.vk.com/fv?to=%2F%3F_fm%3D1%26_fm2%3D1 = 0
static.vk.com/restore = 0
static.vk.com/restore = 0
vk.me/?act=dl = 0
vk.me/?act=dl = 0
vk.me/?act=dl = 0
vk.me/?act=dl = 0
static.vk.com/restore = 0
static.vk.com/restore = 0
static.vk.com/restore = 0
static.vk.com/restore = 0
www.vk.com/fv?to=%2F%3F_fm%3D1%26_fm2%3D1 = 0
static.vk.com/restore = 0
vk.me/?act=dl = 0
vk.me/?act=dl = 0
vk.me/?act=dl = 0
static.vk.com/restore = 0
vk.me/?act=dl = 0
www.vk.com/fv?to=%2F%3F_fm%3D1%26_fm2%3D1 = 0
vk.me/?act=dl = 0
vk.me/?act=dl = 0
static.vk.com/restore = 0
static.vk.com/restore = 0
www.vk.com/fv?to=%2F%3F_fm%3D1%26_fm2%3D1 = 0
static.vk.com/restore = 0
static.vk.com/restore = 0
vk.me/?act=dl = 0
www.vk.com/fv?to=%2F%3F_fm%3D1%26_fm2%3D1 = 0
static.vk.com/restore = 0
static.vk.com/restore = 0
static.vk.com/restore = 0
